This is pdfTeX, Version 3.1415926-2.5-1.40.14 (TeX Live 2013/Debian) (format=latex 2017.4.23)  23 APR 2017 17:32
entering extended mode
 restricted \write18 enabled.
 %&-line parsing enabled.
**./images.tex
(./images.tex
LaTeX2e <2011/06/27>
Babel <3.9h> and hyphenation patterns for 78 languages loaded.

(/usr/share/texlive/texmf-dist/tex/latex/base/report.cls
Document Class: report 2007/10/19 v1.4h Standard LaTeX document class
(/usr/share/texlive/texmf-dist/tex/latex/base/size12.clo
File: size12.clo 2007/10/19 v1.4h Standard LaTeX file (size option)
)
\c@part=\count79
\c@chapter=\count80
\c@section=\count81
\c@subsection=\count82
\c@subsubsection=\count83
\c@paragraph=\count84
\c@subparagraph=\count85
\c@figure=\count86
\c@table=\count87
\abovecaptionskip=\skip41
\belowcaptionskip=\skip42
\bibindent=\dimen102
) (/usr/share/texlive/texmf-dist/tex/latex/base/ifthen.sty
Package: ifthen 2001/05/26 v1.1c Standard LaTeX ifthen package (DPC)
) (/usr/share/texlive/texmf-dist/tex/latex/tools/verbatim.sty
Package: verbatim 2003/08/22 v1.5q LaTeX2e package for verbatim enhancements
\every@verbatim=\toks14
\verbatim@line=\toks15
\verbatim@in@stream=\read1
) (/usr/share/texlive/texmf-dist/tex/latex/graphics/graphicx.sty
Package: graphicx 1999/02/16 v1.0f Enhanced LaTeX Graphics (DPC,SPQR)
(/usr/share/texlive/texmf-dist/tex/latex/graphics/keyval.sty
Package: keyval 1999/03/16 v1.13 key=value parser (DPC)
\KV@toks@=\toks16
) (/usr/share/texlive/texmf-dist/tex/latex/graphics/graphics.sty
Package: graphics 2009/02/05 v1.0o Standard LaTeX Graphics (DPC,SPQR)
(/usr/share/texlive/texmf-dist/tex/latex/graphics/trig.sty
Package: trig 1999/03/16 v1.09 sin cos tan (DPC)
) (/usr/share/texlive/texmf-dist/tex/latex/latexconfig/graphics.cfg
File: graphics.cfg 2010/04/23 v1.9 graphics configuration of TeX Live
)
Package graphics Info: Driver file: dvips.def on input line 91.
(/usr/share/texlive/texmf-dist/tex/latex/graphics/dvips.def
File: dvips.def 1999/02/16 v3.0i Driver-dependant file (DPC,SPQR)
))
\Gin@req@height=\dimen103
\Gin@req@width=\dimen104
) (/usr/share/texlive/texmf-dist/tex/latex/amsmath/amsmath.sty
Package: amsmath 2013/01/14 v2.14 AMS math features
\@mathmargin=\skip43
For additional information on amsmath, use the `?' option.
(/usr/share/texlive/texmf-dist/tex/latex/amsmath/amstext.sty
Package: amstext 2000/06/29 v2.01
(/usr/share/texlive/texmf-dist/tex/latex/amsmath/amsgen.sty
File: amsgen.sty 1999/11/30 v2.0
\@emptytoks=\toks17
\ex@=\dimen105
)) (/usr/share/texlive/texmf-dist/tex/latex/amsmath/amsbsy.sty
Package: amsbsy 1999/11/29 v1.2d
\pmbraise@=\dimen106
) (/usr/share/texlive/texmf-dist/tex/latex/amsmath/amsopn.sty
Package: amsopn 1999/12/14 v2.01 operator names
)
\inf@bad=\count88
LaTeX Info: Redefining \frac on input line 210.
\uproot@=\count89
\leftroot@=\count90
LaTeX Info: Redefining \overline on input line 306.
\classnum@=\count91
\DOTSCASE@=\count92
LaTeX Info: Redefining \ldots on input line 378.
LaTeX Info: Redefining \dots on input line 381.
LaTeX Info: Redefining \cdots on input line 466.
\Mathstrutbox@=\box26
\strutbox@=\box27
\big@size=\dimen107
LaTeX Font Info:    Redeclaring font encoding OML on input line 566.
LaTeX Font Info:    Redeclaring font encoding OMS on input line 567.
\macc@depth=\count93
\c@MaxMatrixCols=\count94
\dotsspace@=\muskip10
\c@parentequation=\count95
\dspbrk@lvl=\count96
\tag@help=\toks18
\row@=\count97
\column@=\count98
\maxfields@=\count99
\andhelp@=\toks19
\eqnshift@=\dimen108
\alignsep@=\dimen109
\tagshift@=\dimen110
\tagwidth@=\dimen111
\totwidth@=\dimen112
\lineht@=\dimen113
\@envbody=\toks20
\multlinegap=\skip44
\multlinetaggap=\skip45
\mathdisplay@stack=\toks21
LaTeX Info: Redefining \[ on input line 2665.
LaTeX Info: Redefining \] on input line 2666.
) (/usr/share/texlive/texmf-dist/tex/latex/graphics/epsfig.sty
Package: epsfig 1999/02/16 v1.7a (e)psfig emulation (SPQR)
\epsfxsize=\dimen114
\epsfysize=\dimen115
) (/usr/share/texlive/texmf-dist/tex/latex/amsfonts/amsfonts.sty
Package: amsfonts 2013/01/14 v3.01 Basic AMSFonts support
\symAMSa=\mathgroup4
\symAMSb=\mathgroup5
LaTeX Font Info:    Overwriting math alphabet `\mathfrak' in version `bold'
(Font)                  U/euf/m/n --> U/euf/b/n on input line 106.
) (/usr/share/texlive/texmf-dist/tex/latex/amsfonts/amssymb.sty
Package: amssymb 2013/01/14 v3.01 AMS font symbols
) (/usr/share/texlive/texmf-dist/tex/latex/base/latexsym.sty
Package: latexsym 1998/08/17 v2.2e Standard LaTeX package (lasy symbols)
\symlasy=\mathgroup6
LaTeX Font Info:    Overwriting symbol font `lasy' in version `bold'
(Font)                  U/lasy/m/n --> U/lasy/b/n on input line 47.
) (/usr/share/texlive/texmf-dist/tex/latex/pxfonts/pxfonts.sty
Package: pxfonts 2008/01/22 v1.1.1
LaTeX Font Info:    Redeclaring symbol font `operators' on input line 21.
LaTeX Font Info:    Overwriting symbol font `operators' in version `normal'
(Font)                  OT1/cmr/m/n --> OT1/pxr/m/n on input line 21.
LaTeX Font Info:    Overwriting symbol font `operators' in version `bold'
(Font)                  OT1/cmr/bx/n --> OT1/pxr/m/n on input line 21.
LaTeX Font Info:    Overwriting symbol font `operators' in version `bold'
(Font)                  OT1/pxr/m/n --> OT1/pxr/bx/n on input line 22.
\symitalic=\mathgroup7
LaTeX Font Info:    Overwriting symbol font `italic' in version `bold'
(Font)                  OT1/pxr/m/it --> OT1/pxr/bx/it on input line 26.
LaTeX Font Info:    Redeclaring math alphabet \mathbf on input line 29.
LaTeX Font Info:    Overwriting math alphabet `\mathbf' in version `normal'
(Font)                  OT1/cmr/bx/n --> OT1/pxr/bx/n on input line 29.
LaTeX Font Info:    Overwriting math alphabet `\mathbf' in version `bold'
(Font)                  OT1/cmr/bx/n --> OT1/pxr/bx/n on input line 29.
LaTeX Font Info:    Redeclaring math alphabet \mathit on input line 30.
LaTeX Font Info:    Overwriting math alphabet `\mathit' in version `normal'
(Font)                  OT1/cmr/m/it --> OT1/pxr/m/it on input line 30.
LaTeX Font Info:    Overwriting math alphabet `\mathit' in version `bold'
(Font)                  OT1/cmr/bx/it --> OT1/pxr/m/it on input line 30.
LaTeX Font Info:    Overwriting math alphabet `\mathit' in version `bold'
(Font)                  OT1/pxr/m/it --> OT1/pxr/bx/it on input line 31.
LaTeX Font Info:    Redeclaring math alphabet \mathsf on input line 40.
LaTeX Font Info:    Overwriting math alphabet `\mathsf' in version `normal'
(Font)                  OT1/cmss/m/n --> OT1/pxss/m/n on input line 40.
LaTeX Font Info:    Overwriting math alphabet `\mathsf' in version `bold'
(Font)                  OT1/cmss/bx/n --> OT1/pxss/m/n on input line 40.
LaTeX Font Info:    Overwriting math alphabet `\mathsf' in version `bold'
(Font)                  OT1/pxss/m/n --> OT1/pxss/b/n on input line 41.
LaTeX Font Info:    Redeclaring math alphabet \mathtt on input line 50.
LaTeX Font Info:    Overwriting math alphabet `\mathtt' in version `normal'
(Font)                  OT1/cmtt/m/n --> OT1/pxtt/m/n on input line 50.
LaTeX Font Info:    Overwriting math alphabet `\mathtt' in version `bold'
(Font)                  OT1/cmtt/m/n --> OT1/pxtt/m/n on input line 50.
LaTeX Font Info:    Overwriting math alphabet `\mathtt' in version `bold'
(Font)                  OT1/pxtt/m/n --> OT1/pxtt/b/n on input line 51.
LaTeX Font Info:    Redeclaring symbol font `letters' on input line 58.
LaTeX Font Info:    Overwriting symbol font `letters' in version `normal'
(Font)                  OML/cmm/m/it --> OML/pxmi/m/it on input line 58.
LaTeX Font Info:    Overwriting symbol font `letters' in version `bold'
(Font)                  OML/cmm/b/it --> OML/pxmi/m/it on input line 58.
LaTeX Font Info:    Overwriting symbol font `letters' in version `bold'
(Font)                  OML/pxmi/m/it --> OML/pxmi/bx/it on input line 59.
\symlettersA=\mathgroup8
LaTeX Font Info:    Overwriting symbol font `lettersA' in version `bold'
(Font)                  U/pxmia/m/it --> U/pxmia/bx/it on input line 67.
LaTeX Font Info:    Redeclaring math alphabet \mathfrak on input line 70.
LaTeX Font Info:    Redeclaring symbol font `symbols' on input line 77.
LaTeX Font Info:    Overwriting symbol font `symbols' in version `normal'
(Font)                  OMS/cmsy/m/n --> OMS/pxsy/m/n on input line 77.
LaTeX Font Info:    Overwriting symbol font `symbols' in version `bold'
(Font)                  OMS/cmsy/b/n --> OMS/pxsy/m/n on input line 77.
LaTeX Font Info:    Overwriting symbol font `symbols' in version `bold'
(Font)                  OMS/pxsy/m/n --> OMS/pxsy/bx/n on input line 78.
LaTeX Font Info:    Redeclaring symbol font `AMSa' on input line 93.
LaTeX Font Info:    Overwriting symbol font `AMSa' in version `normal'
(Font)                  U/msa/m/n --> U/pxsya/m/n on input line 93.
LaTeX Font Info:    Overwriting symbol font `AMSa' in version `bold'
(Font)                  U/msa/m/n --> U/pxsya/m/n on input line 93.
LaTeX Font Info:    Overwriting symbol font `AMSa' in version `bold'
(Font)                  U/pxsya/m/n --> U/pxsya/bx/n on input line 94.
LaTeX Font Info:    Redeclaring symbol font `AMSb' on input line 102.
LaTeX Font Info:    Overwriting symbol font `AMSb' in version `normal'
(Font)                  U/msb/m/n --> U/pxsyb/m/n on input line 102.
LaTeX Font Info:    Overwriting symbol font `AMSb' in version `bold'
(Font)                  U/msb/m/n --> U/pxsyb/m/n on input line 102.
LaTeX Font Info:    Overwriting symbol font `AMSb' in version `bold'
(Font)                  U/pxsyb/m/n --> U/pxsyb/bx/n on input line 103.
\symsymbolsC=\mathgroup9
LaTeX Font Info:    Overwriting symbol font `symbolsC' in version `bold'
(Font)                  U/pxsyc/m/n --> U/pxsyc/bx/n on input line 113.
LaTeX Font Info:    Redeclaring symbol font `largesymbols' on input line 120.
LaTeX Font Info:    Overwriting symbol font `largesymbols' in version `normal'
(Font)                  OMX/cmex/m/n --> OMX/pxex/m/n on input line 120.
LaTeX Font Info:    Overwriting symbol font `largesymbols' in version `bold'
(Font)                  OMX/cmex/m/n --> OMX/pxex/m/n on input line 120.
LaTeX Font Info:    Overwriting symbol font `largesymbols' in version `bold'
(Font)                  OMX/pxex/m/n --> OMX/pxex/bx/n on input line 121.
\symlargesymbolsA=\mathgroup10
LaTeX Font Info:    Overwriting symbol font `largesymbolsA' in version `bold'
(Font)                  U/pxexa/m/n --> U/pxexa/bx/n on input line 129.
LaTeX Info: Redefining \not on input line 997.
) (/usr/share/texlive/texmf-dist/tex/latex/txfonts/txfonts.sty
Package: txfonts 2008/01/22 v3.2.1
LaTeX Font Info:    Redeclaring symbol font `operators' on input line 21.
LaTeX Font Info:    Overwriting symbol font `operators' in version `normal'
(Font)                  OT1/pxr/m/n --> OT1/txr/m/n on input line 21.
LaTeX Font Info:    Overwriting symbol font `operators' in version `bold'
(Font)                  OT1/pxr/bx/n --> OT1/txr/m/n on input line 21.
LaTeX Font Info:    Overwriting symbol font `operators' in version `bold'
(Font)                  OT1/txr/m/n --> OT1/txr/bx/n on input line 22.
LaTeX Font Info:    Redeclaring symbol font `italic' on input line 25.
LaTeX Font Info:    Overwriting symbol font `italic' in version `normal'
(Font)                  OT1/pxr/m/it --> OT1/txr/m/it on input line 25.
LaTeX Font Info:    Overwriting symbol font `italic' in version `bold'
(Font)                  OT1/pxr/bx/it --> OT1/txr/m/it on input line 25.
LaTeX Font Info:    Overwriting symbol font `italic' in version `bold'
(Font)                  OT1/txr/m/it --> OT1/txr/bx/it on input line 26.
LaTeX Font Info:    Redeclaring math alphabet \mathbf on input line 29.
LaTeX Font Info:    Overwriting math alphabet `\mathbf' in version `normal'
(Font)                  OT1/pxr/bx/n --> OT1/txr/bx/n on input line 29.
LaTeX Font Info:    Overwriting math alphabet `\mathbf' in version `bold'
(Font)                  OT1/pxr/bx/n --> OT1/txr/bx/n on input line 29.
LaTeX Font Info:    Redeclaring math alphabet \mathit on input line 30.
LaTeX Font Info:    Overwriting math alphabet `\mathit' in version `normal'
(Font)                  OT1/pxr/m/it --> OT1/txr/m/it on input line 30.
LaTeX Font Info:    Overwriting math alphabet `\mathit' in version `bold'
(Font)                  OT1/pxr/bx/it --> OT1/txr/m/it on input line 30.
LaTeX Font Info:    Overwriting math alphabet `\mathit' in version `bold'
(Font)                  OT1/txr/m/it --> OT1/txr/bx/it on input line 31.
LaTeX Font Info:    Redeclaring math alphabet \mathsf on input line 40.
LaTeX Font Info:    Overwriting math alphabet `\mathsf' in version `normal'
(Font)                  OT1/pxss/m/n --> OT1/txss/m/n on input line 40.
LaTeX Font Info:    Overwriting math alphabet `\mathsf' in version `bold'
(Font)                  OT1/pxss/b/n --> OT1/txss/m/n on input line 40.
LaTeX Font Info:    Overwriting math alphabet `\mathsf' in version `bold'
(Font)                  OT1/txss/m/n --> OT1/txss/b/n on input line 41.
LaTeX Font Info:    Redeclaring math alphabet \mathtt on input line 50.
LaTeX Font Info:    Overwriting math alphabet `\mathtt' in version `normal'
(Font)                  OT1/pxtt/m/n --> OT1/txtt/m/n on input line 50.
LaTeX Font Info:    Overwriting math alphabet `\mathtt' in version `bold'
(Font)                  OT1/pxtt/b/n --> OT1/txtt/m/n on input line 50.
LaTeX Font Info:    Overwriting math alphabet `\mathtt' in version `bold'
(Font)                  OT1/txtt/m/n --> OT1/txtt/b/n on input line 51.
LaTeX Font Info:    Redeclaring symbol font `letters' on input line 58.
LaTeX Font Info:    Overwriting symbol font `letters' in version `normal'
(Font)                  OML/pxmi/m/it --> OML/txmi/m/it on input line 58.
LaTeX Font Info:    Overwriting symbol font `letters' in version `bold'
(Font)                  OML/pxmi/bx/it --> OML/txmi/m/it on input line 58.
LaTeX Font Info:    Overwriting symbol font `letters' in version `bold'
(Font)                  OML/txmi/m/it --> OML/txmi/bx/it on input line 59.
LaTeX Font Info:    Redeclaring symbol font `lettersA' on input line 66.
LaTeX Font Info:    Overwriting symbol font `lettersA' in version `normal'
(Font)                  U/pxmia/m/it --> U/txmia/m/it on input line 66.
LaTeX Font Info:    Overwriting symbol font `lettersA' in version `bold'
(Font)                  U/pxmia/bx/it --> U/txmia/m/it on input line 66.
LaTeX Font Info:    Overwriting symbol font `lettersA' in version `bold'
(Font)                  U/txmia/m/it --> U/txmia/bx/it on input line 67.
LaTeX Font Info:    Redeclaring symbol font `symbols' on input line 77.
LaTeX Font Info:    Overwriting symbol font `symbols' in version `normal'
(Font)                  OMS/pxsy/m/n --> OMS/txsy/m/n on input line 77.
LaTeX Font Info:    Overwriting symbol font `symbols' in version `bold'
(Font)                  OMS/pxsy/bx/n --> OMS/txsy/m/n on input line 77.
LaTeX Font Info:    Overwriting symbol font `symbols' in version `bold'
(Font)                  OMS/txsy/m/n --> OMS/txsy/bx/n on input line 78.
LaTeX Font Info:    Redeclaring symbol font `AMSa' on input line 93.
LaTeX Font Info:    Overwriting symbol font `AMSa' in version `normal'
(Font)                  U/pxsya/m/n --> U/txsya/m/n on input line 93.
LaTeX Font Info:    Overwriting symbol font `AMSa' in version `bold'
(Font)                  U/pxsya/bx/n --> U/txsya/m/n on input line 93.
LaTeX Font Info:    Overwriting symbol font `AMSa' in version `bold'
(Font)                  U/txsya/m/n --> U/txsya/bx/n on input line 94.
LaTeX Font Info:    Redeclaring symbol font `AMSb' on input line 102.
LaTeX Font Info:    Overwriting symbol font `AMSb' in version `normal'
(Font)                  U/pxsyb/m/n --> U/txsyb/m/n on input line 102.
LaTeX Font Info:    Overwriting symbol font `AMSb' in version `bold'
(Font)                  U/pxsyb/bx/n --> U/txsyb/m/n on input line 102.
LaTeX Font Info:    Overwriting symbol font `AMSb' in version `bold'
(Font)                  U/txsyb/m/n --> U/txsyb/bx/n on input line 103.
LaTeX Font Info:    Redeclaring symbol font `symbolsC' on input line 112.
LaTeX Font Info:    Overwriting symbol font `symbolsC' in version `normal'
(Font)                  U/pxsyc/m/n --> U/txsyc/m/n on input line 112.
LaTeX Font Info:    Overwriting symbol font `symbolsC' in version `bold'
(Font)                  U/pxsyc/bx/n --> U/txsyc/m/n on input line 112.
LaTeX Font Info:    Overwriting symbol font `symbolsC' in version `bold'
(Font)                  U/txsyc/m/n --> U/txsyc/bx/n on input line 113.
LaTeX Font Info:    Redeclaring symbol font `largesymbols' on input line 120.
LaTeX Font Info:    Overwriting symbol font `largesymbols' in version `normal'
(Font)                  OMX/pxex/m/n --> OMX/txex/m/n on input line 120.
LaTeX Font Info:    Overwriting symbol font `largesymbols' in version `bold'
(Font)                  OMX/pxex/bx/n --> OMX/txex/m/n on input line 120.
LaTeX Font Info:    Overwriting symbol font `largesymbols' in version `bold'
(Font)                  OMX/txex/m/n --> OMX/txex/bx/n on input line 121.
LaTeX Font Info:    Redeclaring symbol font `largesymbolsA' on input line 128.
LaTeX Font Info:    Overwriting symbol font `largesymbolsA' in version `normal'

(Font)                  U/pxexa/m/n --> U/txexa/m/n on input line 128.
LaTeX Font Info:    Overwriting symbol font `largesymbolsA' in version `bold'
(Font)                  U/pxexa/bx/n --> U/txexa/m/n on input line 128.
LaTeX Font Info:    Overwriting symbol font `largesymbolsA' in version `bold'
(Font)                  U/txexa/m/n --> U/txexa/bx/n on input line 129.
LaTeX Font Info:    Redeclaring math symbol \n@tch@r on input line 1041.
LaTeX Info: Redefining \not on input line 1043.
LaTeX Info: Redefining \textsquare on input line 1063.
LaTeX Info: Redefining \openbox on input line 1064.
) (/usr/share/texmf/tex/latex/html/html.sty
Package: html 1999/07/19 v1.38 hypertext commands for latex2html (nd, hws, rrm)

\c@lpart=\count100
\c@lchapter=\count101
\c@lsection=\count102
\c@lsubsection=\count103
\c@lsubsubsection=\count104
\c@lparagraph=\count105
\c@lsubparagraph=\count106
\c@lsubsubparagraph=\count107
\ptrfile=\write3
) (/usr/share/texlive/texmf-dist/tex/latex/base/textcomp.sty
Package: textcomp 2005/09/27 v1.99g Standard LaTeX package
Package textcomp Info: Sub-encoding information:
(textcomp)               5 = only ISO-Adobe without \textcurrency
(textcomp)               4 = 5 + \texteuro
(textcomp)               3 = 4 + \textohm
(textcomp)               2 = 3 + \textestimated + \textcurrency
(textcomp)               1 = TS1 - \textcircled - \t
(textcomp)               0 = TS1 (full)
(textcomp)             Font families with sub-encoding setting implement
(textcomp)             only a restricted character set as indicated.
(textcomp)             Family '?' is the default used for unknown fonts.
(textcomp)             See the documentation for details.
Package textcomp Info: Setting ? sub-encoding to TS1/1 on input line 71.
(/usr/share/texlive/texmf-dist/tex/latex/base/ts1enc.def
File: ts1enc.def 2001/06/05 v3.0e (jk/car/fm) Standard LaTeX file
)
LaTeX Info: Redefining \oldstylenums on input line 266.
Package textcomp Info: Setting cmr sub-encoding to TS1/0 on input line 281.
Package textcomp Info: Setting cmss sub-encoding to TS1/0 on input line 282.
Package textcomp Info: Setting cmtt sub-encoding to TS1/0 on input line 283.
Package textcomp Info: Setting cmvtt sub-encoding to TS1/0 on input line 284.
Package textcomp Info: Setting cmbr sub-encoding to TS1/0 on input line 285.
Package textcomp Info: Setting cmtl sub-encoding to TS1/0 on input line 286.
Package textcomp Info: Setting ccr sub-encoding to TS1/0 on input line 287.
Package textcomp Info: Setting ptm sub-encoding to TS1/4 on input line 288.
Package textcomp Info: Setting pcr sub-encoding to TS1/4 on input line 289.
Package textcomp Info: Setting phv sub-encoding to TS1/4 on input line 290.
Package textcomp Info: Setting ppl sub-encoding to TS1/3 on input line 291.
Package textcomp Info: Setting pag sub-encoding to TS1/4 on input line 292.
Package textcomp Info: Setting pbk sub-encoding to TS1/4 on input line 293.
Package textcomp Info: Setting pnc sub-encoding to TS1/4 on input line 294.
Package textcomp Info: Setting pzc sub-encoding to TS1/4 on input line 295.
Package textcomp Info: Setting bch sub-encoding to TS1/4 on input line 296.
Package textcomp Info: Setting put sub-encoding to TS1/5 on input line 297.
Package textcomp Info: Setting uag sub-encoding to TS1/5 on input line 298.
Package textcomp Info: Setting ugq sub-encoding to TS1/5 on input line 299.
Package textcomp Info: Setting ul8 sub-encoding to TS1/4 on input line 300.
Package textcomp Info: Setting ul9 sub-encoding to TS1/4 on input line 301.
Package textcomp Info: Setting augie sub-encoding to TS1/5 on input line 302.
Package textcomp Info: Setting dayrom sub-encoding to TS1/3 on input line 303.
Package textcomp Info: Setting dayroms sub-encoding to TS1/3 on input line 304.

Package textcomp Info: Setting pxr sub-encoding to TS1/0 on input line 305.
Package textcomp Info: Setting pxss sub-encoding to TS1/0 on input line 306.
Package textcomp Info: Setting pxtt sub-encoding to TS1/0 on input line 307.
Package textcomp Info: Setting txr sub-encoding to TS1/0 on input line 308.
Package textcomp Info: Setting txss sub-encoding to TS1/0 on input line 309.
Package textcomp Info: Setting txtt sub-encoding to TS1/0 on input line 310.
Package textcomp Info: Setting lmr sub-encoding to TS1/0 on input line 311.
Package textcomp Info: Setting lmdh sub-encoding to TS1/0 on input line 312.
Package textcomp Info: Setting lmss sub-encoding to TS1/0 on input line 313.
Package textcomp Info: Setting lmssq sub-encoding to TS1/0 on input line 314.
Package textcomp Info: Setting lmvtt sub-encoding to TS1/0 on input line 315.
Package textcomp Info: Setting qhv sub-encoding to TS1/0 on input line 316.
Package textcomp Info: Setting qag sub-encoding to TS1/0 on input line 317.
Package textcomp Info: Setting qbk sub-encoding to TS1/0 on input line 318.
Package textcomp Info: Setting qcr sub-encoding to TS1/0 on input line 319.
Package textcomp Info: Setting qcs sub-encoding to TS1/0 on input line 320.
Package textcomp Info: Setting qpl sub-encoding to TS1/0 on input line 321.
Package textcomp Info: Setting qtm sub-encoding to TS1/0 on input line 322.
Package textcomp Info: Setting qzc sub-encoding to TS1/0 on input line 323.
Package textcomp Info: Setting qhvc sub-encoding to TS1/0 on input line 324.
Package textcomp Info: Setting futs sub-encoding to TS1/4 on input line 325.
Package textcomp Info: Setting futx sub-encoding to TS1/4 on input line 326.
Package textcomp Info: Setting futj sub-encoding to TS1/4 on input line 327.
Package textcomp Info: Setting hlh sub-encoding to TS1/3 on input line 328.
Package textcomp Info: Setting hls sub-encoding to TS1/3 on input line 329.
Package textcomp Info: Setting hlst sub-encoding to TS1/3 on input line 330.
Package textcomp Info: Setting hlct sub-encoding to TS1/5 on input line 331.
Package textcomp Info: Setting hlx sub-encoding to TS1/5 on input line 332.
Package textcomp Info: Setting hlce sub-encoding to TS1/5 on input line 333.
Package textcomp Info: Setting hlcn sub-encoding to TS1/5 on input line 334.
Package textcomp Info: Setting hlcw sub-encoding to TS1/5 on input line 335.
Package textcomp Info: Setting hlcf sub-encoding to TS1/5 on input line 336.
Package textcomp Info: Setting pplx sub-encoding to TS1/3 on input line 337.
Package textcomp Info: Setting pplj sub-encoding to TS1/3 on input line 338.
Package textcomp Info: Setting ptmx sub-encoding to TS1/4 on input line 339.
Package textcomp Info: Setting ptmj sub-encoding to TS1/4 on input line 340.
) (/usr/share/texmf/tex/latex/pgf/frontendlayer/tikz.sty (/usr/share/texmf/tex/
latex/pgf/basiclayer/pgf.sty (/usr/share/texmf/tex/latex/pgf/utilities/pgfrcs.s
ty (/usr/share/texmf/tex/generic/pgf/utilities/pgfutil-common.tex
\pgfutil@everybye=\toks22
) (/usr/share/texmf/tex/generic/pgf/utilities/pgfutil-latex.def
\pgfutil@abb=\box28
(/usr/share/texlive/texmf-dist/tex/latex/ms/everyshi.sty
Package: everyshi 2001/05/15 v3.00 EveryShipout Package (MS)
)) (/usr/share/texmf/tex/generic/pgf/utilities/pgfrcs.code.tex
Package: pgfrcs 2010/10/25 v2.10 (rcs-revision 1.24)
))
Package: pgf 2008/01/15 v2.10 (rcs-revision 1.12)
(/usr/share/texmf/tex/latex/pgf/basiclayer/pgfcore.sty (/usr/share/texmf/tex/la
tex/pgf/systemlayer/pgfsys.sty (/usr/share/texmf/tex/generic/pgf/systemlayer/pg
fsys.code.tex
Package: pgfsys 2010/06/30 v2.10 (rcs-revision 1.37)
(/usr/share/texmf/tex/generic/pgf/utilities/pgfkeys.code.tex
\pgfkeys@pathtoks=\toks23
\pgfkeys@temptoks=\toks24
(/usr/share/texmf/tex/generic/pgf/utilities/pgfkeysfiltered.code.tex
\pgfkeys@tmptoks=\toks25
))
\pgf@x=\dimen116
\pgf@y=\dimen117
\pgf@xa=\dimen118
\pgf@ya=\dimen119
\pgf@xb=\dimen120
\pgf@yb=\dimen121
\pgf@xc=\dimen122
\pgf@yc=\dimen123
\w@pgf@writea=\write4
\r@pgf@reada=\read2
\c@pgf@counta=\count108
\c@pgf@countb=\count109
\c@pgf@countc=\count110
\c@pgf@countd=\count111
(/usr/share/texmf/tex/generic/pgf/systemlayer/pgf.cfg
File: pgf.cfg 2008/05/14  (rcs-revision 1.7)
)
Package pgfsys Info: Driver file for pgf: pgfsys-dvips.def on input line 900.
(/usr/share/texmf/tex/generic/pgf/systemlayer/pgfsys-dvips.def
File: pgfsys-dvips.def 2008/04/03  (rcs-revision 1.20)
(/usr/share/texmf/tex/generic/pgf/systemlayer/pgfsys-common-postscript.def
File: pgfsys-common-postscript.def 2008/10/01  (rcs-revision 1.22)
\pgf@objectcount=\count112
))) (/usr/share/texmf/tex/generic/pgf/systemlayer/pgfsyssoftpath.code.tex
File: pgfsyssoftpath.code.tex 2008/07/18  (rcs-revision 1.7)
\pgfsyssoftpath@smallbuffer@items=\count113
\pgfsyssoftpath@bigbuffer@items=\count114
) (/usr/share/texmf/tex/generic/pgf/systemlayer/pgfsysprotocol.code.tex
File: pgfsysprotocol.code.tex 2006/10/16  (rcs-revision 1.4)
)) (/usr/share/texmf/tex/latex/xcolor/xcolor.sty
Package: xcolor 2007/01/21 v2.11 LaTeX color extensions (UK)
(/usr/share/texlive/texmf-dist/tex/latex/latexconfig/color.cfg
File: color.cfg 2007/01/18 v1.5 color configuration of teTeX/TeXLive
)
Package xcolor Info: Driver file: dvips.def on input line 225.
Package xcolor Info: Model `cmy' substituted by `cmy0' on input line 1337.
Package xcolor Info: Model `RGB' extended on input line 1353.
Package xcolor Info: Model `HTML' substituted by `rgb' on input line 1355.
Package xcolor Info: Model `Hsb' substituted by `hsb' on input line 1356.
Package xcolor Info: Model `tHsb' substituted by `hsb' on input line 1357.
Package xcolor Info: Model `HSB' substituted by `hsb' on input line 1358.
Package xcolor Info: Model `Gray' substituted by `gray' on input line 1359.
Package xcolor Info: Model `wave' substituted by `hsb' on input line 1360.
) (/usr/share/texmf/tex/generic/pgf/basiclayer/pgfcore.code.tex
Package: pgfcore 2010/04/11 v2.10 (rcs-revision 1.7)
(/usr/share/texmf/tex/generic/pgf/math/pgfmath.code.tex (/usr/share/texmf/tex/g
eneric/pgf/math/pgfmathcalc.code.tex (/usr/share/texmf/tex/generic/pgf/math/pgf
mathutil.code.tex) (/usr/share/texmf/tex/generic/pgf/math/pgfmathparser.code.te
x
\pgfmath@dimen=\dimen124
\pgfmath@count=\count115
\pgfmath@box=\box29
\pgfmath@toks=\toks26
\pgfmath@stack@operand=\toks27
\pgfmath@stack@operation=\toks28
) (/usr/share/texmf/tex/generic/pgf/math/pgfmathfunctions.code.tex (/usr/share/
texmf/tex/generic/pgf/math/pgfmathfunctions.basic.code.tex) (/usr/share/texmf/t
ex/generic/pgf/math/pgfmathfunctions.trigonometric.code.tex) (/usr/share/texmf/
tex/generic/pgf/math/pgfmathfunctions.random.code.tex) (/usr/share/texmf/tex/ge
neric/pgf/math/pgfmathfunctions.comparison.code.tex) (/usr/share/texmf/tex/gene
ric/pgf/math/pgfmathfunctions.base.code.tex) (/usr/share/texmf/tex/generic/pgf/
math/pgfmathfunctions.round.code.tex) (/usr/share/texmf/tex/generic/pgf/math/pg
fmathfunctions.misc.code.tex))) (/usr/share/texmf/tex/generic/pgf/math/pgfmathf
loat.code.tex
\c@pgfmathroundto@lastzeros=\count116
)) (/usr/share/texmf/tex/generic/pgf/basiclayer/pgfcorepoints.code.tex
File: pgfcorepoints.code.tex 2010/04/09  (rcs-revision 1.20)
\pgf@picminx=\dimen125
\pgf@picmaxx=\dimen126
\pgf@picminy=\dimen127
\pgf@picmaxy=\dimen128
\pgf@pathminx=\dimen129
\pgf@pathmaxx=\dimen130
\pgf@pathminy=\dimen131
\pgf@pathmaxy=\dimen132
\pgf@xx=\dimen133
\pgf@xy=\dimen134
\pgf@yx=\dimen135
\pgf@yy=\dimen136
\pgf@zx=\dimen137
\pgf@zy=\dimen138
) (/usr/share/texmf/tex/generic/pgf/basiclayer/pgfcorepathconstruct.code.tex
File: pgfcorepathconstruct.code.tex 2010/08/03  (rcs-revision 1.24)
\pgf@path@lastx=\dimen139
\pgf@path@lasty=\dimen140
) (/usr/share/texmf/tex/generic/pgf/basiclayer/pgfcorepathusage.code.tex
File: pgfcorepathusage.code.tex 2008/04/22  (rcs-revision 1.12)
\pgf@shorten@end@additional=\dimen141
\pgf@shorten@start@additional=\dimen142
) (/usr/share/texmf/tex/generic/pgf/basiclayer/pgfcorescopes.code.tex
File: pgfcorescopes.code.tex 2010/09/08  (rcs-revision 1.34)
\pgfpic=\box30
\pgf@hbox=\box31
\pgf@layerbox@main=\box32
\pgf@picture@serial@count=\count117
) (/usr/share/texmf/tex/generic/pgf/basiclayer/pgfcoregraphicstate.code.tex
File: pgfcoregraphicstate.code.tex 2008/04/22  (rcs-revision 1.9)
\pgflinewidth=\dimen143
) (/usr/share/texmf/tex/generic/pgf/basiclayer/pgfcoretransformations.code.tex
File: pgfcoretransformations.code.tex 2009/06/10  (rcs-revision 1.11)
\pgf@pt@x=\dimen144
\pgf@pt@y=\dimen145
\pgf@pt@temp=\dimen146
) (/usr/share/texmf/tex/generic/pgf/basiclayer/pgfcorequick.code.tex
File: pgfcorequick.code.tex 2008/10/09  (rcs-revision 1.3)
) (/usr/share/texmf/tex/generic/pgf/basiclayer/pgfcoreobjects.code.tex
File: pgfcoreobjects.code.tex 2006/10/11  (rcs-revision 1.2)
) (/usr/share/texmf/tex/generic/pgf/basiclayer/pgfcorepathprocessing.code.tex
File: pgfcorepathprocessing.code.tex 2008/10/09  (rcs-revision 1.8)
) (/usr/share/texmf/tex/generic/pgf/basiclayer/pgfcorearrows.code.tex
File: pgfcorearrows.code.tex 2008/04/23  (rcs-revision 1.11)
) (/usr/share/texmf/tex/generic/pgf/basiclayer/pgfcoreshade.code.tex
File: pgfcoreshade.code.tex 2008/11/23  (rcs-revision 1.13)
\pgf@max=\dimen147
\pgf@sys@shading@range@num=\count118
) (/usr/share/texmf/tex/generic/pgf/basiclayer/pgfcoreimage.code.tex
File: pgfcoreimage.code.tex 2010/03/25  (rcs-revision 1.16)
(/usr/share/texmf/tex/generic/pgf/basiclayer/pgfcoreexternal.code.tex
File: pgfcoreexternal.code.tex 2010/09/01  (rcs-revision 1.17)
\pgfexternal@startupbox=\box33
)) (/usr/share/texmf/tex/generic/pgf/basiclayer/pgfcorelayers.code.tex
File: pgfcorelayers.code.tex 2010/08/27  (rcs-revision 1.2)
) (/usr/share/texmf/tex/generic/pgf/basiclayer/pgfcoretransparency.code.tex
File: pgfcoretransparency.code.tex 2008/01/17  (rcs-revision 1.2)
) (/usr/share/texmf/tex/generic/pgf/basiclayer/pgfcorepatterns.code.tex
File: pgfcorepatterns.code.tex 2009/07/02  (rcs-revision 1.3)
))) (/usr/share/texmf/tex/generic/pgf/modules/pgfmoduleshapes.code.tex
File: pgfmoduleshapes.code.tex 2010/09/09  (rcs-revision 1.13)
\pgfnodeparttextbox=\box34
) (/usr/share/texmf/tex/generic/pgf/modules/pgfmoduleplot.code.tex
File: pgfmoduleplot.code.tex 2010/10/22  (rcs-revision 1.8)
) (/usr/share/texmf/tex/latex/pgf/compatibility/pgfcomp-version-0-65.sty
Package: pgfcomp-version-0-65 2007/07/03 v2.10 (rcs-revision 1.7)
\pgf@nodesepstart=\dimen148
\pgf@nodesepend=\dimen149
) (/usr/share/texmf/tex/latex/pgf/compatibility/pgfcomp-version-1-18.sty
Package: pgfcomp-version-1-18 2007/07/23 v2.10 (rcs-revision 1.1)
)) (/usr/share/texmf/tex/latex/pgf/utilities/pgffor.sty (/usr/share/texmf/tex/l
atex/pgf/utilities/pgfkeys.sty (/usr/share/texmf/tex/generic/pgf/utilities/pgfk
eys.code.tex)) (/usr/share/texmf/tex/generic/pgf/utilities/pgffor.code.tex
Package: pgffor 2010/03/23 v2.10 (rcs-revision 1.18)
\pgffor@iter=\dimen150
\pgffor@skip=\dimen151
\pgffor@stack=\toks29
\pgffor@toks=\toks30
)) (/usr/share/texmf/tex/generic/pgf/frontendlayer/tikz/tikz.code.tex
Package: tikz 2010/10/13 v2.10 (rcs-revision 1.76)
(/usr/share/texmf/tex/generic/pgf/libraries/pgflibraryplothandlers.code.tex
File: pgflibraryplothandlers.code.tex 2010/05/31 v2.10 (rcs-revision 1.15)
\pgf@plot@mark@count=\count119
\pgfplotmarksize=\dimen152
)
\tikz@lastx=\dimen153
\tikz@lasty=\dimen154
\tikz@lastxsaved=\dimen155
\tikz@lastysaved=\dimen156
\tikzleveldistance=\dimen157
\tikzsiblingdistance=\dimen158
\tikz@figbox=\box35
\tikz@tempbox=\box36
\tikztreelevel=\count120
\tikznumberofchildren=\count121
\tikznumberofcurrentchild=\count122
\tikz@fig@count=\count123
(/usr/share/texmf/tex/generic/pgf/modules/pgfmodulematrix.code.tex
File: pgfmodulematrix.code.tex 2010/08/24  (rcs-revision 1.4)
\pgfmatrixcurrentrow=\count124
\pgfmatrixcurrentcolumn=\count125
\pgf@matrix@numberofcolumns=\count126
)
\tikz@expandcount=\count127

(/usr/share/texmf/tex/generic/pgf/frontendlayer/tikz/libraries/tikzlibrarytopat
hs.code.tex
File: tikzlibrarytopaths.code.tex 2008/06/17 v2.10 (rcs-revision 1.2)
))) (/usr/share/texmf/tex/latex/pgf/frontendlayer/pgfpict2e.sty
Package: pgfpict2e 2004/11/28 ver 0.01
) (/usr/share/texlive/texmf-dist/tex/latex/listings/listings.sty
\lst@mode=\count128
\lst@gtempboxa=\box37
\lst@token=\toks31
\lst@length=\count129
\lst@currlwidth=\dimen159
\lst@column=\count130
\lst@pos=\count131
\lst@lostspace=\dimen160
\lst@width=\dimen161
\lst@newlines=\count132
\lst@lineno=\count133
\lst@maxwidth=\dimen162
(/usr/share/texlive/texmf-dist/tex/latex/listings/lstmisc.sty
File: lstmisc.sty 2013/08/26 1.5b (Carsten Heinz)
\c@lstnumber=\count134
\lst@skipnumbers=\count135
\lst@framebox=\box38
) (/usr/share/texlive/texmf-dist/tex/latex/listings/listings.cfg
File: listings.cfg 2013/08/26 1.5b listings configuration
))
Package: listings 2013/08/26 1.5b (Carsten Heinz)

(/usr/share/texmf/tex/generic/pgf/frontendlayer/tikz/libraries/tikzlibraryshape
s.code.tex
File: tikzlibraryshapes.code.tex 2008/01/09 v2.10 (rcs-revision 1.1)

(/usr/share/texmf/tex/generic/pgf/frontendlayer/tikz/libraries/tikzlibraryshape
s.geometric.code.tex
File: tikzlibraryshapes.geometric.code.tex 2008/01/09 v2.10 (rcs-revision 1.1)

(/usr/share/texmf/tex/generic/pgf/libraries/shapes/pgflibraryshapes.geometric.c
ode.tex
File: pgflibraryshapes.geometric.code.tex 2008/06/26 v2.10 (rcs-revision 1.1)
))
(/usr/share/texmf/tex/generic/pgf/frontendlayer/tikz/libraries/tikzlibraryshape
s.misc.code.tex
File: tikzlibraryshapes.misc.code.tex 2008/01/09 v2.10 (rcs-revision 1.1)

(/usr/share/texmf/tex/generic/pgf/libraries/shapes/pgflibraryshapes.misc.code.t
ex
File: pgflibraryshapes.misc.code.tex 2008/10/07 v2.10 (rcs-revision 1.3)
))
(/usr/share/texmf/tex/generic/pgf/frontendlayer/tikz/libraries/tikzlibraryshape
s.symbols.code.tex
File: tikzlibraryshapes.symbols.code.tex 2008/01/09 v2.10 (rcs-revision 1.1)

(/usr/share/texmf/tex/generic/pgf/libraries/shapes/pgflibraryshapes.symbols.cod
e.tex
File: pgflibraryshapes.symbols.code.tex 2009/10/27 v2.10 (rcs-revision 1.3)
))
(/usr/share/texmf/tex/generic/pgf/frontendlayer/tikz/libraries/tikzlibraryshape
s.arrows.code.tex
File: tikzlibraryshapes.arrows.code.tex 2008/01/09 v2.10 (rcs-revision 1.1)

(/usr/share/texmf/tex/generic/pgf/libraries/shapes/pgflibraryshapes.arrows.code
.tex
File: pgflibraryshapes.arrows.code.tex 2008/06/26 v2.10 (rcs-revision 1.1)
))
(/usr/share/texmf/tex/generic/pgf/frontendlayer/tikz/libraries/tikzlibraryshape
s.callouts.code.tex
(/usr/share/texmf/tex/generic/pgf/libraries/shapes/pgflibraryshapes.callouts.co
de.tex))
(/usr/share/texmf/tex/generic/pgf/frontendlayer/tikz/libraries/tikzlibraryshape
s.multipart.code.tex
File: tikzlibraryshapes.multipart.code.tex 2008/01/09 v2.10 (rcs-revision 1.1)

(/usr/share/texmf/tex/generic/pgf/libraries/shapes/pgflibraryshapes.multipart.c
ode.tex
File: pgflibraryshapes.multipart.code.tex 2010/01/07 v2.10 (rcs-revision 1.2)
\pgfnodepartlowerbox=\box39
\pgfnodeparttwobox=\box40
\pgfnodepartthreebox=\box41
\pgfnodepartfourbox=\box42
\pgfnodeparttwentybox=\box43
\pgfnodepartnineteenbox=\box44
\pgfnodeparteighteenbox=\box45
\pgfnodepartseventeenbox=\box46
\pgfnodepartsixteenbox=\box47
\pgfnodepartfifteenbox=\box48
\pgfnodepartfourteenbox=\box49
\pgfnodepartthirteenbox=\box50
\pgfnodeparttwelvebox=\box51
\pgfnodepartelevenbox=\box52
\pgfnodeparttenbox=\box53
\pgfnodepartninebox=\box54
\pgfnodeparteightbox=\box55
\pgfnodepartsevenbox=\box56
\pgfnodepartsixbox=\box57
\pgfnodepartfivebox=\box58
)))
(/usr/share/texmf/tex/generic/pgf/frontendlayer/tikz/libraries/tikzlibraryarrow
s.code.tex
File: tikzlibraryarrows.code.tex 2008/01/09 v2.10 (rcs-revision 1.1)
(/usr/share/texmf/tex/generic/pgf/libraries/pgflibraryarrows.code.tex
File: pgflibraryarrows.code.tex 2008/10/27 v2.10 (rcs-revision 1.9)
\arrowsize=\dimen163
))

! LaTeX Error: Option clash for package color.

See the LaTeX manual or LaTeX Companion for explanation.
Type  H <return>  for immediate help.
 ...                                              
                                                  
l.27 
     
The package color has already been loaded with options:
  []
There has now been an attempt to load it with options
  [dvips]
Adding the global options:
  ,dvips
to your \documentclass declaration may fix this.
Try typing  <return>  to proceed.

(/usr/share/texlive/texmf-dist/tex/latex/base/inputenc.sty
Package: inputenc 2008/03/30 v1.1d Input encoding file
\inpenc@prehook=\toks32
\inpenc@posthook=\toks33
)
\sizebox=\box59
\lthtmlwrite=\write5
(./images.aux

LaTeX Warning: Label `stepdata' multiply defined.


LaTeX Warning: Label `rampdata' multiply defined.


LaTeX Warning: Label `firstorderplot' multiply defined.


LaTeX Warning: Label `firstorderplot' multiply defined.


LaTeX Warning: Label `12' multiply defined.


LaTeX Warning: Label `rampdata' multiply defined.


LaTeX Warning: Label `ziegler' multiply defined.


LaTeX Warning: Label `fig:step31to45' multiply defined.

)
\openout1 = `images.aux'.

LaTeX Font Info:    Checking defaults for OML/txmi/m/it on input line 145.
LaTeX Font Info:    Try loading font information for OML+txmi on input line 145
.
(/usr/share/texlive/texmf-dist/tex/latex/txfonts/omltxmi.fd
File: omltxmi.fd 2000/12/15 v3.1
)
LaTeX Font Info:    ... okay on input line 145.
LaTeX Font Info:    Checking defaults for T1/cmr/m/n on input line 145.
LaTeX Font Info:    ... okay on input line 145.
LaTeX Font Info:    Checking defaults for OT1/cmr/m/n on input line 145.
LaTeX Font Info:    ... okay on input line 145.
LaTeX Font Info:    Checking defaults for OMS/txsy/m/n on input line 145.
LaTeX Font Info:    Try loading font information for OMS+txsy on input line 145
.
(/usr/share/texlive/texmf-dist/tex/latex/txfonts/omstxsy.fd
File: omstxsy.fd 2000/12/15 v3.1
)
LaTeX Font Info:    ... okay on input line 145.
LaTeX Font Info:    Checking defaults for OMX/txex/m/n on input line 145.
LaTeX Font Info:    Try loading font information for OMX+txex on input line 145
.
(/usr/share/texlive/texmf-dist/tex/latex/txfonts/omxtxex.fd
File: omxtxex.fd 2000/12/15 v3.1
)
LaTeX Font Info:    ... okay on input line 145.
LaTeX Font Info:    Checking defaults for U/txexa/m/n on input line 145.
LaTeX Font Info:    Try loading font information for U+txexa on input line 145.

(/usr/share/texlive/texmf-dist/tex/latex/txfonts/utxexa.fd
File: utxexa.fd 2000/12/15 v3.1
)
LaTeX Font Info:    ... okay on input line 145.
LaTeX Font Info:    Checking defaults for TS1/cmr/m/n on input line 145.
LaTeX Font Info:    Try loading font information for TS1+cmr on input line 145.

(/usr/share/texlive/texmf-dist/tex/latex/base/ts1cmr.fd
File: ts1cmr.fd 1999/05/25 v2.5h Standard LaTeX font definitions
)
LaTeX Font Info:    ... okay on input line 145.
LaTeX Font Info:    Try loading font information for OT1+txr on input line 145.

(/usr/share/texlive/texmf-dist/tex/latex/txfonts/ot1txr.fd
File: ot1txr.fd 2000/12/15 v3.1
) ABD: EveryShipout initializing macros
\c@lstlisting=\count136

latex2htmlLength hsize=349.0pt

latex2htmlLength vsize=632.5pt

latex2htmlLength hoffset=0.0pt

latex2htmlLength voffset=0.0pt

latex2htmlLength topmargin=0.0pt

latex2htmlLength topskip=0.00003pt

latex2htmlLength headheight=0.0pt

latex2htmlLength headsep=0.0pt

latex2htmlLength parskip=0.0pt plus 1.0pt

latex2htmlLength oddsidemargin=39.0pt

latex2htmlLength evensidemargin=39.0pt

LaTeX Font Info:    Try loading font information for U+txsya on input line 169.

(/usr/share/texlive/texmf-dist/tex/latex/txfonts/utxsya.fd
File: utxsya.fd 2000/12/15 v3.1
)
LaTeX Font Info:    Try loading font information for U+txsyb on input line 169.

(/usr/share/texlive/texmf-dist/tex/latex/txfonts/utxsyb.fd
File: utxsyb.fd 2000/12/15 v3.1
)
LaTeX Font Info:    Try loading font information for U+lasy on input line 169.
(/usr/share/texlive/texmf-dist/tex/latex/base/ulasy.fd
File: ulasy.fd 1998/08/17 v2.2e LaTeX symbol font definitions
)
LaTeX Font Info:    Try loading font information for U+txmia on input line 169.

(/usr/share/texlive/texmf-dist/tex/latex/txfonts/utxmia.fd
File: utxmia.fd 2000/12/15 v3.1
)
LaTeX Font Info:    Try loading font information for U+txsyc on input line 169.

(/usr/share/texlive/texmf-dist/tex/latex/txfonts/utxsyc.fd
File: utxsyc.fd 2000/12/15 v3.1
)
l2hSize :tex2html_wrap_inline11349:8.59999pt::8.59999pt::41.77202pt.
[1



]
l2hSize :tex2html_wrap_inline11363:8.59999pt::8.59999pt::43.01459pt.
[2


]
l2hSize :tex2html_wrap_inline11367:8.68999pt::8.68999pt::43.01459pt.
[3


]
l2hSize :tex2html_wrap_inline11371:8.59999pt::8.59999pt::14.00403pt.
[4


]
l2hSize :tex2html_wrap_inline11375:8.59999pt::8.59999pt::11.38802pt.
[5


]
l2hSize :tex2html_wrap_inline11381:9.70798pt::0.0pt::5.10004pt.
[6


]
LaTeX Font Info:    Try loading font information for OT1+txtt on input line 213
.
(/usr/share/texlive/texmf-dist/tex/latex/txfonts/ot1txtt.fd
File: ot1txtt.fd 2000/12/15 v3.1
)
l2hSize :table360:93.40198pt::0.0pt::349.0pt.
[7


]
Overfull \hbox (66.7992pt too wide) in paragraph at lines 232--232
[] \OT1/txtt/m/n/12 0 0 100 29.30 14...8080 14...8955 14...8993 14...8158 0.100
00E+01[] 
 []


Overfull \hbox (60.4992pt too wide) in paragraph at lines 233--233
[]\OT1/txtt/m/n/12 1 30 50 29.00 14...9364 14...0246 14...0263 14...9442 0.1000
0E+01[] 
 []


Overfull \hbox (73.09918pt too wide) in paragraph at lines 236--236
[]\OT1/txtt/m/n/12 711 40 50 36.20 14...9375 14...0280 14...0297 14...9437 0.71
100E+03[] 
 []


Overfull \hbox (73.09918pt too wide) in paragraph at lines 237--237
[]\OT1/txtt/m/n/12 712 40 50 36.10 14...0370 14...2673 14...2691 14...1834 0.71
200E+03[] 
 []

l2hSize :table387:93.40198pt::0.0pt::349.0pt.
[8


]
l2hSize :tex2html_wrap_indisplay11533:8.59999pt::8.59999pt::22.52403pt.
[9


]
l2hSize :tex2html_wrap_indisplay11534:16.65198pt::16.65198pt::35.49329pt.
[10


]
l2hSize :tex2html_wrap_indisplay11536:16.65198pt::16.65198pt::43.88652pt.
[11


]
l2hSize :tex2html_wrap_indisplay11537:8.59999pt::8.59999pt::22.12802pt.
[12


]
l2hSize :tex2html_wrap_indisplay11538:16.65198pt::16.65198pt::43.88652pt.
[13


]
l2hSize :tex2html_wrap_inline11540:10.57999pt::10.57999pt::7.00003pt.
[14


]
l2hSize :tex2html_wrap_inline11542:10.57999pt::10.57999pt::41.89058pt.
[15


]
l2hSize :tex2html_wrap_indisplay11544:16.65198pt::16.65198pt::52.28651pt.
[16


]
l2hSize :tex2html_wrap_inline11546:8.59999pt::8.59999pt::22.12802pt.
[17


]
l2hSize :tex2html_wrap_indisplay11548:16.65198pt::16.65198pt::59.96376pt.
[18


]
l2hSize :tex2html_wrap_indisplay11549:8.59999pt::8.59999pt::17.47203pt.
[19


]
l2hSize :tex2html_wrap_indisplay11550:11.91698pt::11.91698pt::44.35052pt.
[20


]
l2hSize :tex2html_wrap_inline11552:8.09999pt::0.0pt::10.83603pt.
[21


]
l2hSize :tex2html_wrap_inline11554:8.59999pt::8.59999pt::6.28802pt.
[22


]
l2hSize :tex2html_wrap_indisplay11560:16.46599pt::16.46599pt::43.88652pt.
[23


]
l2hSize :tex2html_wrap_inline11562:8.59999pt::8.59999pt::22.52403pt.
[24


]
l2hSize :tex2html_wrap_inline11564:8.68999pt::8.68999pt::14.31602pt.
[25


]
l2hSize :tex2html_wrap_inline11566:8.59999pt::8.59999pt::5.92804pt.
[26


]
l2hSize :tex2html_wrap_inline11568:8.59999pt::8.59999pt::6.60004pt.
[27


]
l2hSize :tex2html_wrap_indisplay11569:8.59999pt::8.59999pt::19.18803pt.
[28


]
l2hSize :tex2html_wrap_indisplay11570:8.59999pt::8.59999pt::52.7493pt.
[29


]
l2hSize :tex2html_wrap_indisplay11572:16.81398pt::16.81398pt::60.0025pt.
[30


]
l2hSize :tex2html_wrap_inline11574:8.18999pt::0.0pt::8.31602pt.
[31


]
l2hSize :tex2html_wrap_indisplay11576:11.91698pt::11.91698pt::75.02252pt.
[32


]
l2hSize :tex2html_wrap_inline11584:8.09999pt::0.0pt::9.56404pt.
[33


]
l2hSize :tex2html_wrap_inline11588:8.59999pt::8.59999pt::13.27603pt.
[34


]
l2hSize :tex2html_wrap_indisplay11589:16.65198pt::16.65198pt::94.4678pt.
[35


]
l2hSize :tex2html_wrap_indisplay11592:16.46599pt::16.46599pt::98.79175pt.
[36


]
l2hSize :tex2html_wrap_indisplay11596:16.81398pt::16.81398pt::114.90773pt.
[37


]
l2hSize :tex2html_wrap_indisplay11598:28.80797pt::28.80797pt::118.71967pt.
[38


]
l2hSize :tex2html_wrap_indisplay11599:25.95195pt::25.95195pt::113.97018pt.
[39


]
l2hSize :tex2html_wrap_indisplay11600:8.59999pt::8.59999pt::8.23203pt.
[40


]
l2hSize :tex2html_wrap_indisplay11601:8.59999pt::8.59999pt::20.52931pt.
[41


]
l2hSize :tex2html_wrap_indisplay11602:8.59999pt::8.59999pt::8.23203pt.
[42


]
l2hSize :tex2html_wrap_indisplay11603:16.46599pt::16.46599pt::54.9385pt.
[43


]
l2hSize :tex2html_wrap_indisplay11604:8.59999pt::8.59999pt::8.86803pt.
[44


]
l2hSize :tex2html_wrap_indisplay11605:16.46599pt::16.46599pt::47.30652pt.
[45


]
l2hSize :tex2html_wrap_indisplay11606:8.59999pt::8.59999pt::17.47203pt.
[46


]
l2hSize :tex2html_wrap_indisplay11607:18.10399pt::18.10399pt::178.04085pt.
[47


]
l2hSize :tex2html_wrap_inline11611:8.59999pt::8.59999pt::10.78802pt.
[48


]
l2hSize :tex2html_wrap_inline11613:8.59999pt::8.59999pt::10.78802pt.
[49


]
l2hSize :tex2html_wrap_indisplay11615:8.59999pt::8.59999pt::26.53603pt.
[50


]
l2hSize :tex2html_wrap_indisplay11616:16.81398pt::16.81398pt::111.41577pt.
[51


]
l2hSize :tex2html_wrap_inline11635:8.59999pt::8.59999pt::15.60004pt.
[52


]
Overfull \hbox (10.0993pt too wide) in paragraph at lines 518--518
[]\OT1/txtt/m/n/12 1.0       30.0        50.0         28.1   1416462726532.0[] 

 []


Overfull \hbox (10.0993pt too wide) in paragraph at lines 519--519
[]\OT1/txtt/m/n/12 2.0       30.0        50.0         28.1   1416462727574.0[] 

 []

l2hSize :table744:93.40198pt::0.0pt::349.0pt.
[53


]
Overfull \hbox (60.4992pt too wide) in paragraph at lines 535--535
[]\OT1/txtt/m/n/12 0 0 100 28.80 14...8993 14...0301 14...0318 14...9040 0.1000
0E+01[] 
 []


Overfull \hbox (60.4992pt too wide) in paragraph at lines 536--536
[]\OT1/txtt/m/n/12 1 30 50 28.80 14...2861 14...4172 14...4189 14...2908 0.1000
0E+01[] 
 []


Overfull \hbox (73.09918pt too wide) in paragraph at lines 539--539
[]\OT1/txtt/m/n/12 617 66 50 39.10 14...7141 14...8476 14...8494 14...7188 0.61
700E+03[] 
 []


Overfull \hbox (73.09918pt too wide) in paragraph at lines 540--540
[]\OT1/txtt/m/n/12 618 66 50 39.10 14...8120 14...9456 14...9473 14...8167 0.61
800E+03[] 
 []

l2hSize :table782:93.40198pt::0.0pt::349.0pt.
[54


]
l2hSize :tex2html_wrap_indisplay11653:18.10399pt::18.10399pt::68.3385pt.
[55


]
l2hSize :tex2html_wrap_inline11655:8.59999pt::8.59999pt::7.00804pt.
[56


]
l2hSize :tex2html_wrap_inline11657:8.9pt::8.9pt::10.01202pt.
[57


]
l2hSize :tex2html_wrap_inline11659:8.9pt::8.9pt::44.90257pt.
[58


]
l2hSize :tex2html_wrap_indisplay11661:16.46599pt::16.46599pt::56.0545pt.
[59


]
l2hSize :tex2html_wrap_indisplay11662:16.46599pt::16.46599pt::92.01697pt.
[60


]
l2hSize :tex2html_wrap_indisplay11666:18.33197pt::18.33197pt::120.93295pt.
[61


]
l2hSize :tex2html_wrap_indisplay11668:12.30199pt::12.30199pt::91.87169pt.
[62


]
l2hSize :tex2html_wrap_inline11670:8.59999pt::8.59999pt::17.47203pt.
[63


]
l2hSize :tex2html_wrap_indisplay11671:8.59999pt::8.59999pt::17.47203pt.
[64


]
l2hSize :tex2html_wrap_indisplay11672:8.59999pt::8.59999pt::57.89052pt.
[65


]
l2hSize :tex2html_wrap_indisplay11674:11.91698pt::11.91698pt::144.249pt.
[66


]
l2hSize :tex2html_wrap_indisplay11676:11.91698pt::11.91698pt::73.40253pt.
[67


]
l2hSize :tex2html_wrap_inline11678:8.59999pt::8.59999pt::31.77055pt.
[68


]
l2hSize :tex2html_wrap_indisplay11680:8.59999pt::8.59999pt::17.2533pt.
[69


]
l2hSize :tex2html_wrap_inline11684:8.59999pt::8.59999pt::4.15202pt.
[70


]
l2hSize :tex2html_wrap_indisplay11702:16.65198pt::16.65198pt::94.4678pt.
[71


]
l2hSize :tex2html_wrap_inline11712:8.59999pt::8.59999pt::12.60004pt.
[72


]
l2hSize :tex2html_wrap_inline11714:8.59999pt::8.59999pt::76.57053pt.
[73


]
l2hSize :tex2html_wrap_inline11717:8.59999pt::8.59999pt::18.60004pt.
[74


]
l2hSize :tex2html_wrap_inline11720:8.09999pt::0.0pt::6.60004pt.
[75


]
Overfull \hbox (10.0993pt too wide) in paragraph at lines 684--684
[]\OT1/txtt/m/n/12 13093.0    28.5       50.0         26.6   1416656557353.0[] 

 []


Overfull \hbox (10.0993pt too wide) in paragraph at lines 685--685
[]\OT1/txtt/m/n/12 13094.0     28.5       50.0        26.6   1416656558363.0[] 

 []

l2hSize :table1058:78.90198pt::0.0pt::349.0pt.
[76


]
Overfull \hbox (60.4992pt too wide) in paragraph at lines 700--700
[]\OT1/txtt/m/n/12 0 0 100 28.80 14...4739 14...6427 14...6445 14...4786 0.1000
0E+01[] 
 []


Overfull \hbox (60.4992pt too wide) in paragraph at lines 701--701
[]\OT1/txtt/m/n/12 1 20 50 28.90 14...5247 14...6938 14...6956 14...5294 0.1000
0E+01[] 
 []


Overfull \hbox (73.09918pt too wide) in paragraph at lines 704--704
[]\OT1/txtt/m/n/12 999 18 50 31.00 14...2253 14...3973 14...3990 14...2299 0.99
900E+03[] 
 []


Overfull \hbox (79.39917pt too wide) in paragraph at lines 705--705
[]\OT1/txtt/m/n/12 1000 19 50 31.00 14...3268 14...4989 14...5007 14...3315 0.1
0000E+04[] 
 []

l2hSize :table1096:93.40198pt::0.0pt::349.0pt.
[77


]
l2hSize :tex2html_wrap_indisplay11737:8.59999pt::8.59999pt::21.62401pt.
[78


]
l2hSize :tex2html_wrap_indisplay11738:8.59999pt::8.59999pt::45.64526pt.
[79


]
l2hSize :tex2html_wrap_indisplay11739:8.59999pt::8.59999pt::23.34001pt.
[80


]
l2hSize :tex2html_wrap_indisplay11740:16.46599pt::16.46599pt::49.49052pt.
[81


]
l2hSize :tex2html_wrap_indisplay11742:16.65198pt::16.65198pt::77.63705pt.
[82


]
l2hSize :tex2html_wrap_indisplay11743:8.59999pt::8.59999pt::21.45602pt.
[83


]
l2hSize :tex2html_wrap_indisplay11744:16.46599pt::16.46599pt::95.39575pt.
[84


]
l2hSize :tex2html_wrap_indisplay11745:18.33197pt::18.33197pt::200.7246pt.
[85


]
l2hSize :tex2html_wrap_indisplay11747:16.46599pt::16.46599pt::213.19684pt.
[86


]
l2hSize :tex2html_wrap_inline11749:11.31697pt::11.31697pt::14.42001pt.
[87


]
l2hSize :tex2html_wrap_indisplay11751:18.10399pt::18.10399pt::139.05563pt.
[88


]
l2hSize :tex2html_wrap_indisplay11752:8.59999pt::8.59999pt::7.20003pt.
[89


]
l2hSize :tex2html_wrap_indisplay11753:10.80798pt::10.80798pt::66.30927pt.
[90


]
l2hSize :tex2html_wrap_inline11755:10.46999pt::0.0pt::8.23203pt.
[91


]
l2hSize :tex2html_wrap_inline11757:8.59999pt::8.59999pt::8.89203pt.
[92


]
l2hSize :tex2html_wrap_indisplay11758:10.96999pt::10.96999pt::8.23203pt.
[93


]
l2hSize :tex2html_wrap_indisplay11759:16.46599pt::16.46599pt::66.34648pt.
[94


]
l2hSize :tex2html_wrap_indisplay11760:8.59999pt::8.59999pt::15.56403pt.
[95


]
l2hSize :tex2html_wrap_indisplay11761:19.09398pt::19.09398pt::90.67702pt.
[96


]
l2hSize :tex2html_wrap_inline11763:8.59999pt::8.59999pt::28.05603pt.
[97


]
l2hSize :tex2html_wrap_indisplay11764:8.59999pt::8.59999pt::20.06403pt.
[98


]
l2hSize :tex2html_wrap_indisplay11765:16.65198pt::16.65198pt::98.00902pt.
[99


]
l2hSize :tex2html_wrap_inline11771:8.68999pt::8.68999pt::35.23203pt.
[100


]
l2hSize :tex2html_wrap_inline11773:8.68999pt::8.68999pt::41.23203pt.
[101


]
l2hSize :tex2html_wrap_inline11791:8.59999pt::8.59999pt::45.71196pt.
[102


]
l2hSize :tex2html_wrap_indisplay11796:8.59999pt::8.59999pt::8.23203pt.
[103


]
l2hSize :tex2html_wrap_indisplay11797:8.59999pt::8.59999pt::41.8413pt.
[104


]
l2hSize :tex2html_wrap_inline11799:8.09999pt::0.0pt::8.23203pt.
[105


]
l2hSize :tex2html_wrap_inline11809:8.59999pt::8.59999pt::14.49203pt.
[106


]
l2hSize :tex2html_wrap_inline11812:8.59999pt::8.59999pt::11.62804pt.
[107


]
l2hSize :tex2html_wrap_indisplay11813:8.59999pt::8.59999pt::5.50801pt.
[108


]
l2hSize :tex2html_wrap_indisplay11814:18.15pt::18.15pt::69.2532pt.
[109


]
l2hSize :tex2html_wrap_inline11816:8.09999pt::0.0pt::5.50801pt.
[110


]
l2hSize :tex2html_wrap_inline11820:8.59999pt::8.59999pt::53.03456pt.
[111


]
l2hSize :tex2html_wrap_inline11822:8.59999pt::8.59999pt::9.01202pt.
[112


]
l2hSize :tex2html_wrap_inline11825:8.59999pt::8.59999pt::13.62004pt.
[113


]
l2hSize :tex2html_wrap_indisplay11826:8.59999pt::8.59999pt::9.56403pt.
[114


]
l2hSize :tex2html_wrap_indisplay11827:16.72398pt::16.72398pt::53.73329pt.
[115


]
l2hSize :tex2html_wrap_inline11829:8.09999pt::0.0pt::9.56403pt.
[116


]
l2hSize :tex2html_wrap_inline11833:8.59999pt::8.59999pt::57.01857pt.
[117


]
l2hSize :tex2html_wrap_inline11835:8.59999pt::8.59999pt::11.00403pt.
[118


]
l2hSize :tex2html_wrap_indisplay11836:8.59999pt::8.59999pt::22.10399pt.
[119


]
l2hSize :tex2html_wrap_indisplay11837:18.15pt::18.15pt::167.62766pt.
[120


]
l2hSize :tex2html_wrap_indisplay11838:8.59999pt::8.59999pt::13.14pt.
[121


]
l2hSize :tex2html_wrap_indisplay11839:18.15pt::18.15pt::137.11838pt.
[122


]
l2hSize :tex2html_wrap_indisplay11840:18.15pt::18.15pt::144.65039pt.
[123


]
l2hSize :tex2html_wrap_indisplay11841:8.59999pt::8.59999pt::17.19601pt.
[124


]
l2hSize :tex2html_wrap_indisplay11842:16.72398pt::16.72398pt::107.7625pt.
[125


]
l2hSize :tex2html_wrap_indisplay11843:18.10399pt::18.10399pt::109.84648pt.
[126


]
l2hSize :tex2html_wrap_indisplay11845:18.15pt::18.15pt::175.84361pt.
[127


]
l2hSize :tex2html_wrap_inline11858:8.59999pt::8.59999pt::40.73459pt.
[128


]
l2hSize :tex2html_wrap_inline11860:8.09999pt::0.0pt::7.60803pt.
[129


]
l2hSize :tex2html_wrap_inline11862:8.09999pt::0.0pt::8.68803pt.
[130


]
l2hSize :tex2html_wrap_inline11864:8.59999pt::8.59999pt::37.71996pt.
[131


]
l2hSize :tex2html_wrap_inline11874:10.57999pt::10.57999pt::12.56003pt.
[132


]
l2hSize :tex2html_wrap_inline11878:8.09999pt::0.0pt::13.14pt.
[133


]
l2hSize :tex2html_wrap_inline11880:10.57999pt::10.57999pt::13.00003pt.
[134


]
l2hSize :tex2html_wrap_inline11882:8.59999pt::8.59999pt::13.60803pt.
[135


]
l2hSize :tex2html_wrap_inline11884:8.09999pt::0.0pt::22.10399pt.
[136


]
l2hSize :tex2html_wrap_inline11886:10.57999pt::10.57999pt::13.00003pt.
[137


]
l2hSize :tex2html_wrap_inline11888:8.09999pt::0.0pt::13.60803pt.
[138


]
l2hSize :tex2html_wrap_inline11890:8.68999pt::8.68999pt::22.60803pt.
[139


]
l2hSize :tex2html_wrap_indisplay11910:8.59999pt::8.59999pt::26.57603pt.
[140


]
l2hSize :tex2html_wrap_indisplay11911:18.10399pt::18.10399pt::102.77173pt.
[141


]
l2hSize :tex2html_wrap_indisplay11912:18.10399pt::18.10399pt::128.10371pt.
[142


]
l2hSize :tex2html_wrap_indisplay11913:25.64796pt::25.64796pt::75.4025pt.
[143


]
l2hSize :tex2html_wrap_inline11915:8.59999pt::8.59999pt::46.09856pt.
[144


]
l2hSize :tex2html_wrap_inline11923:8.59999pt::8.59999pt::16.25203pt.
[145


]
l2hSize :tex2html_wrap_inline11925:8.59999pt::8.59999pt::15.58002pt.
[146


]
l2hSize :tex2html_wrap_inline11935:8.68999pt::8.68999pt::28.40404pt.
[147


]
l2hSize :tex2html_wrap_inline11941:8.68999pt::8.68999pt::34.40404pt.
[148


]
l2hSize :tex2html_wrap_inline11943:10.57999pt::10.57999pt::25.13202pt.
[149


]
l2hSize :tex2html_wrap_inline11947:8.68999pt::8.68999pt::28.40404pt.
[150


]
l2hSize :tex2html_wrap_inline11949:8.68999pt::8.68999pt::27.73203pt.
[151


]
l2hSize :tex2html_wrap_inline11951:8.68999pt::8.68999pt::39.73203pt.
[152


]
l2hSize :tex2html_wrap_indisplay11974:8.59999pt::8.59999pt::7.60803pt.
[153


]
l2hSize :tex2html_wrap_indisplay11975:8.68999pt::8.68999pt::28.52376pt.
[154


]
l2hSize :tex2html_wrap_indisplay11976:8.59999pt::8.59999pt::8.68803pt.
[155


]
l2hSize :tex2html_wrap_indisplay11977:8.59999pt::8.59999pt::40.52376pt.
[156


]
l2hSize :tex2html_wrap_indisplay11978:8.59999pt::8.59999pt::9.56404pt.
[157


]
l2hSize :tex2html_wrap_indisplay11979:8.68999pt::8.68999pt::38.5653pt.
[158


]
l2hSize :tex2html_wrap_indisplay11980:8.59999pt::8.59999pt::9.01202pt.
[159


]
l2hSize :tex2html_wrap_indisplay11981:8.59999pt::8.59999pt::30.67848pt.
[160


]
l2hSize :tex2html_wrap_indisplay11983:8.59999pt::8.59999pt::17.5653pt.
[161


]
l2hSize :tex2html_wrap_indisplay11985:8.59999pt::8.59999pt::30.67848pt.
[162


]
l2hSize :tex2html_wrap_indisplay11986:8.59999pt::8.59999pt::11.00403pt.
[163


]
l2hSize :tex2html_wrap_indisplay11987:8.59999pt::8.59999pt::24.67848pt.
[164


]
l2hSize :tex2html_wrap_indisplay11994:8.59999pt::8.59999pt::18.14403pt.
[165


]
l2hSize :tex2html_wrap_indisplay11995:18.15pt::18.15pt::123.3264pt.
[166


]
l2hSize :tex2html_wrap_indisplay11997:18.10399pt::18.10399pt::89.93446pt.
[167


]
l2hSize :tex2html_wrap_indisplay11998:8.59999pt::8.59999pt::20.59204pt.
[168


]
l2hSize :tex2html_wrap_indisplay11999:18.10399pt::18.10399pt::119.14772pt.
[169


]
l2hSize :tex2html_wrap_indisplay12000:8.59999pt::8.59999pt::52.21729pt.
[170


]
l2hSize :tex2html_wrap_indisplay12001:18.10399pt::18.10399pt::150.36497pt.
[171


]
l2hSize :tex2html_wrap_inline12003:8.59999pt::8.59999pt::5.26804pt.
[172


]
l2hSize :tex2html_wrap_indisplay12004:8.59999pt::8.59999pt::72.51453pt.
[173


]
l2hSize :tex2html_wrap_indisplay12005:18.10399pt::18.10399pt::223.74748pt.
[174


]
l2hSize :tex2html_wrap_indisplay12007:8.59999pt::8.59999pt::153.59427pt.
[175


]
l2hSize :tex2html_wrap_indisplay12008:8.59999pt::8.59999pt::10.36803pt.
[176


]
l2hSize :tex2html_wrap_indisplay12009:18.10399pt::18.10399pt::67.4745pt.
[177


]
l2hSize :tex2html_wrap_indisplay12010:8.59999pt::8.59999pt::10.36803pt.
[178


]
l2hSize :tex2html_wrap_indisplay12011:18.10399pt::18.10399pt::75.10649pt.
[179


]
l2hSize :tex2html_wrap_indisplay12023:18.10399pt::18.10399pt::115.91173pt.
[180


]
l2hSize :tex2html_wrap_indisplay12025:18.10399pt::18.10399pt::128.16374pt.
[181


]
l2hSize :tex2html_wrap_indisplay12029:18.10399pt::18.10399pt::152.44902pt.
[182


]
l2hSize :tex2html_wrap_indisplay12033:18.10399pt::18.10399pt::64.23851pt.
[183


]
l2hSize :tex2html_wrap_indisplay12035:8.59999pt::8.59999pt::28.1613pt.
[184


]
l2hSize :tex2html_wrap_indisplay12047:18.10399pt::18.10399pt::115.91173pt.
[185


]
l2hSize :tex2html_wrap_indisplay12049:18.10399pt::18.10399pt::115.50374pt.
[186


]
l2hSize :tex2html_wrap_indisplay12053:18.10399pt::18.10399pt::171.41426pt.
[187


]
l2hSize :tex2html_wrap_indisplay12059:18.10399pt::18.10399pt::71.8705pt.
[188


]
l2hSize :tex2html_wrap_indisplay12070:18.15pt::18.15pt::172.29163pt.
[189


]
l2hSize :tex2html_wrap_indisplay12072:18.10399pt::18.10399pt::118.57169pt.
[190


]
l2hSize :tex2html_wrap_indisplay12074:18.10399pt::18.10399pt::168.48619pt.
[191


]
l2hSize :tex2html_wrap_indisplay12075:10.80798pt::10.80798pt::55.38528pt.
[192


]
l2hSize :tex2html_wrap_indisplay12076:18.10399pt::18.10399pt::190.50621pt.
[193


]
l2hSize :tex2html_wrap_inline12078:10.20798pt::10.20798pt::9.76804pt.
[194


]
l2hSize :tex2html_wrap_indisplay12080:18.10399pt::18.10399pt::146.90501pt.
[195


]
l2hSize :tex2html_wrap_indisplay12081:8.59999pt::8.59999pt::29.05278pt.
[196


]
l2hSize :tex2html_wrap_indisplay12082:18.10399pt::18.10399pt::167.56497pt.
[197


]
l2hSize :tex2html_wrap_indisplay12084:8.59999pt::8.59999pt::214.61275pt.
[198


]
l2hSize :tex2html_wrap_indisplay12086:18.10399pt::18.10399pt::90.32372pt.
[199


]
l2hSize :tex2html_wrap_indisplay12088:18.10399pt::18.10399pt::77.41447pt.
[200


]
l2hSize :tex2html_wrap_indisplay12089:8.59999pt::8.59999pt::10.36803pt.
[201


]
l2hSize :tex2html_wrap_indisplay12090:18.10399pt::18.10399pt::44.81725pt.
[202


]
l2hSize :tex2html_wrap_indisplay12102:18.10399pt::18.10399pt::171.72218pt.
[203


]
l2hSize :tex2html_wrap_indisplay12104:18.10399pt::18.10399pt::206.4022pt.
[204


]
l2hSize :tex2html_wrap_indisplay12108:18.10399pt::18.10399pt::201.3915pt.
[205


]
l2hSize :tex2html_wrap_indisplay12114:18.10399pt::18.10399pt::93.55971pt.
[206


]
l2hSize :tex2html_wrap_indisplay12116:18.10399pt::18.10399pt::107.1917pt.
[207


]
l2hSize :tex2html_wrap_indisplay12118:13.928pt::13.928pt::34.1053pt.
[208


]
l2hSize :tex2html_wrap_indisplay12129:18.10399pt::18.10399pt::137.63092pt.
[209


]
l2hSize :tex2html_wrap_indisplay12131:21.50294pt::21.50294pt::190.64015pt.
[210


]
l2hSize :tex2html_wrap_indisplay12133:18.33197pt::18.33197pt::195.9502pt.
[211


]
l2hSize :tex2html_wrap_indisplay12134:8.59999pt::8.59999pt::9.76804pt.
[212


]
l2hSize :tex2html_wrap_indisplay12135:19.16255pt::19.16255pt::55.59251pt.
[213


]
l2hSize :tex2html_wrap_indisplay12136:10.80798pt::10.80798pt::112.18652pt.
[214


]
l2hSize :tex2html_wrap_indisplay12137:10.80798pt::10.80798pt::116.1198pt.
[215


]
l2hSize :tex2html_wrap_indisplay12138:16.46599pt::16.46599pt::167.75974pt.
[216


]
l2hSize :tex2html_wrap_indisplay12139:8.59999pt::8.59999pt::85.67853pt.
[217


]
l2hSize :tex2html_wrap_indisplay12140:8.59999pt::8.59999pt::18.22803pt.
[218


]
l2hSize :tex2html_wrap_indisplay12141:8.59999pt::8.59999pt::33.39603pt.
[219


]
l2hSize :tex2html_wrap_indisplay12142:18.10399pt::18.10399pt::137.22098pt.
[220


]
l2hSize :tex2html_wrap_indisplay12143:18.10399pt::18.10399pt::164.8489pt.
[221


]
l2hSize :tex2html_wrap_indisplay12144:8.59999pt::8.59999pt::112.62247pt.
[222


]
l2hSize :tex2html_wrap_indisplay12146:8.59999pt::8.59999pt::147.73828pt.
[223


]
l2hSize :tex2html_wrap_indisplay12147:8.59999pt::8.59999pt::159.35698pt.
[224


]
l2hSize :tex2html_wrap_indisplay12149:18.10399pt::18.10399pt::94.93973pt.
[225


]
l2hSize :tex2html_wrap_indisplay12151:18.10399pt::18.10399pt::127.89697pt.
[226


]
l2hSize :tex2html_wrap_indisplay12153:8.59999pt::8.59999pt::83.30252pt.
[227


]
l2hSize :tex2html_wrap_inline12162:8.09999pt::0.0pt::5.54402pt.
[228


]
l2hSize :tex2html_wrap_inline12166:8.59999pt::8.59999pt::5.92804pt.
[229


]
l2hSize :tex2html_wrap_inline12168:8.59999pt::8.59999pt::25.97604pt.
[230


]
l2hSize :tex2html_wrap_inline12172:8.59999pt::8.59999pt::21.92404pt.
[231


]
l2hSize :tex2html_wrap_inline12174:8.59999pt::8.59999pt::5.92804pt.
[232


]
l2hSize :tex2html_wrap_inline12179:8.59999pt::8.59999pt::20.85603pt.
[233


]
l2hSize :tex2html_wrap_indisplay12180:8.59999pt::8.59999pt::20.85603pt.
[234


]
l2hSize :tex2html_wrap_indisplay12181:16.65198pt::16.65198pt::201.56905pt.
[235


]
l2hSize :tex2html_wrap_indisplay12182:8.59999pt::8.59999pt::19.92004pt.
[236


]
l2hSize :tex2html_wrap_indisplay12183:16.65198pt::16.65198pt::198.91704pt.
[237


]
l2hSize :tex2html_wrap_indisplay12184:8.59999pt::8.59999pt::21.34804pt.
[238


]
l2hSize :tex2html_wrap_indisplay12185:16.65198pt::16.65198pt::84.63052pt.
[239


]
l2hSize :tex2html_wrap_indisplay12186:8.59999pt::8.59999pt::21.15602pt.
[240


]
l2hSize :tex2html_wrap_indisplay12187:16.65198pt::16.65198pt::79.63055pt.
[241


]
l2hSize :tex2html_wrap_indisplay12189:8.59999pt::8.59999pt::104.09053pt.
[242


]
l2hSize :tex2html_wrap_inline12191:8.59999pt::8.59999pt::13.76404pt.
[243


]
l2hSize :tex2html_wrap_inline12193:8.59999pt::8.59999pt::14.35603pt.
[244


]
l2hSize :tex2html_wrap_indisplay12204:8.59999pt::8.59999pt::89.70654pt.
[245


]
l2hSize :tex2html_wrap_indisplay12205:8.59999pt::8.59999pt::13.76404pt.
[246


]
l2hSize :tex2html_wrap_indisplay12206:16.46599pt::16.46599pt::72.6558pt.
[247


]
l2hSize :tex2html_wrap_inline12208:8.59999pt::8.59999pt::11.98404pt.
[248


]
l2hSize :tex2html_wrap_inline12210:8.59999pt::8.59999pt::12.45203pt.
[249


]
l2hSize :tex2html_wrap_inline12212:8.59999pt::8.59999pt::11.81604pt.
[250


]
l2hSize :tex2html_wrap_inline12214:10.20798pt::10.20798pt::14.85603pt.
[251


]
l2hSize :tex2html_wrap_indisplay12215:8.59999pt::8.59999pt::44.63605pt.
[252


]
l2hSize :tex2html_wrap_indisplay12216:8.59999pt::8.59999pt::111.17455pt.
[253


]
l2hSize :tex2html_wrap_indisplay12217:8.59999pt::8.59999pt::40.21204pt.
[254


]
l2hSize :tex2html_wrap_indisplay12218:10.85599pt::10.85599pt::98.07855pt.
[255


]
l2hSize :tex2html_wrap_indisplay12219:8.59999pt::8.59999pt::27.55203pt.
[256


]
l2hSize :tex2html_wrap_indisplay12220:16.46599pt::16.46599pt::154.33977pt.
[257


]
l2hSize :tex2html_wrap_inline12222:8.59999pt::8.59999pt::19.92004pt.
[258


]
l2hSize :tex2html_wrap_indisplay12223:18.37997pt::18.37997pt::96.58524pt.
[259


]
l2hSize :tex2html_wrap_indisplay12224:16.46599pt::16.46599pt::97.97853pt.
[260


]
l2hSize :tex2html_wrap_indisplay12226:16.46599pt::16.46599pt::113.26251pt.
[261


]
l2hSize :tex2html_wrap_inline12228:8.59999pt::8.59999pt::13.48402pt.
[262


]
l2hSize :tex2html_wrap_indisplay12229:8.59999pt::8.59999pt::13.48402pt.
[263


]
l2hSize :tex2html_wrap_indisplay12230:10.85599pt::10.85599pt::127.61453pt.
[264


]
l2hSize :tex2html_wrap_inline12234:16.46599pt::16.46599pt::35.79202pt.
[265


]
l2hSize :tex2html_wrap_inline12236:16.46599pt::16.46599pt::15.88402pt.
[266


]
l2hSize :tex2html_wrap_inline12242:8.59999pt::8.59999pt::13.54803pt.
[267


]
l2hSize :tex2html_wrap_inline12244:8.09999pt::0.0pt::7.93204pt.
[268


]
l2hSize :tex2html_wrap_indisplay12245:8.59999pt::8.59999pt::26.20804pt.
[269


]
l2hSize :tex2html_wrap_indisplay12246:16.46599pt::16.46599pt::67.15727pt.
[270


]
l2hSize :tex2html_wrap_inline12250:8.59999pt::8.59999pt::6.97202pt.
[271


]
l2hSize :tex2html_wrap_indisplay12255:8.59999pt::8.59999pt::6.97202pt.
[272


]
l2hSize :tex2html_wrap_indisplay12256:16.65198pt::16.65198pt::40.8413pt.
[273


]
l2hSize :tex2html_wrap_indisplay12257:8.59999pt::8.59999pt::8.19603pt.
[274


]
l2hSize :tex2html_wrap_indisplay12258:16.46599pt::16.46599pt::107.02249pt.
[275


]
l2hSize :tex2html_wrap_inline12262:8.09999pt::0.0pt::8.19603pt.
[276


]
l2hSize :tex2html_wrap_indisplay12265:16.46599pt::16.46599pt::68.40924pt.
[277


]
l2hSize :tex2html_wrap_indisplay12266:16.46599pt::16.46599pt::26.84929pt.
[278


]
l2hSize :tex2html_wrap_inline12268:8.59999pt::8.59999pt::69.26257pt.
[279


]
l2hSize :tex2html_wrap_inline12270:8.59999pt::8.59999pt::30.09601pt.
[280


]
l2hSize :tex2html_wrap_inline12272:8.09999pt::0.0pt::8.23203pt.
[281


]
l2hSize :tex2html_wrap_inline12274:8.09999pt::0.0pt::8.23203pt.
[282


]
l2hSize :tex2html_wrap_inline12276:8.59999pt::8.59999pt::24.92404pt.
[283


]
l2hSize :tex2html_wrap_inline12278:8.59999pt::8.59999pt::18.92404pt.
[284


]
l2hSize :tex2html_wrap_indisplay12284:10.85599pt::10.85599pt::87.02377pt.
[285


]
l2hSize :tex2html_wrap_inline12286:8.59999pt::8.59999pt::28.836pt.
[286


]
l2hSize :tex2html_wrap_indisplay12289:8.59999pt::8.59999pt::11.98404pt.
[287


]
l2hSize :tex2html_wrap_indisplay12290:8.99199pt::8.99199pt::35.5293pt.
[288


]
l2hSize :tex2html_wrap_indisplay12291:8.59999pt::8.59999pt::12.45203pt.
[289


]
l2hSize :tex2html_wrap_indisplay12292:8.99199pt::8.99199pt::35.99728pt.
[290


]
l2hSize :tex2html_wrap_indisplay12293:8.59999pt::8.59999pt::11.81604pt.
[291


]
l2hSize :tex2html_wrap_indisplay12294:8.99199pt::8.99199pt::35.3613pt.
[292


]
l2hSize :tex2html_wrap_indisplay12295:18.37997pt::18.37997pt::126.83319pt.
[293


]
l2hSize :tex2html_wrap_indisplay12297:18.37997pt::18.37997pt::78.30524pt.
[294


]
l2hSize :tex2html_wrap_indisplay12299:10.85599pt::10.85599pt::24.39603pt.
[295


]
l2hSize :tex2html_wrap_indisplay12300:8.59999pt::8.59999pt::22.99329pt.
[296


]
l2hSize :tex2html_wrap_indisplay12301:10.85599pt::10.85599pt::75.90524pt.
[297


]
l2hSize :tex2html_wrap_indisplay12302:8.59999pt::8.59999pt::24.4493pt.
[298


]
l2hSize :tex2html_wrap_inline12304:8.59999pt::8.59999pt::12.43204pt.
[299


]
l2hSize :tex2html_wrap_inline12306:8.59999pt::8.59999pt::12.90002pt.
[300


]
l2hSize :tex2html_wrap_inline12308:8.59999pt::8.59999pt::12.26404pt.
[301


]
l2hSize :tex2html_wrap_inline12310:8.59999pt::8.59999pt::38.86258pt.
[302


]
l2hSize :tex2html_wrap_inline12312:8.59999pt::8.59999pt::32.56259pt.
[303


]
l2hSize :tex2html_wrap_indisplay12313:10.85599pt::10.85599pt::12.73203pt.
[304


]
l2hSize :tex2html_wrap_indisplay12318:16.67996pt::16.67996pt::40.0893pt.
[305


]
l2hSize :tex2html_wrap_indisplay12319:16.65198pt::16.65198pt::28.60803pt.
[306


]
l2hSize :tex2html_wrap_indisplay12320:18.37997pt::18.37997pt::47.16527pt.
[307


]
l2hSize :tex2html_wrap_indisplay12323:16.65198pt::16.65198pt::65.19853pt.
[308


]
l2hSize :tex2html_wrap_inline12325:8.68999pt::8.68999pt::46.85457pt.
[309


]
l2hSize :tex2html_wrap_inline12327:8.59999pt::8.59999pt::44.8626pt.
[310


]
l2hSize :tex2html_wrap_indisplay12328:8.59999pt::8.59999pt::21.92404pt.
[311


]
l2hSize :tex2html_wrap_indisplay12329:18.33197pt::18.33197pt::98.18654pt.
[312


]
l2hSize :tex2html_wrap_indisplay12332:8.99199pt::8.99199pt::12.73203pt.
[313


]
l2hSize :tex2html_wrap_indisplay12333:10.80798pt::10.80798pt::95.78654pt.
[314


]
l2hSize :tex2html_wrap_indisplay12334:10.85599pt::10.85599pt::12.73203pt.
[315


]
l2hSize :tex2html_wrap_indisplay12335:8.59999pt::8.59999pt::17.5653pt.
[316


]
l2hSize :tex2html_wrap_indisplay12336:8.99199pt::8.99199pt::12.73203pt.
[317


]
l2hSize :tex2html_wrap_indisplay12337:8.68999pt::8.68999pt::62.5653pt.
[318


]
l2hSize :tex2html_wrap_indisplay12338:10.85599pt::10.85599pt::12.73203pt.
[319


]
l2hSize :tex2html_wrap_inline12341:8.59999pt::8.59999pt::6.00003pt.
[320


]
l2hSize :tex2html_wrap_inline12343:8.59999pt::8.59999pt::12.70003pt.
[321


]
l2hSize :tex2html_wrap_indisplay12344:8.59999pt::8.59999pt::12.70003pt.
[322


]
l2hSize :tex2html_wrap_indisplay12345:16.81398pt::16.81398pt::84.3093pt.
[323


]
l2hSize :tex2html_wrap_indisplay12346:8.59999pt::8.59999pt::29.5653pt.
[324


]
l2hSize :tex2html_wrap_indisplay12347:8.59999pt::8.59999pt::21.43999pt.
[325


]
l2hSize :tex2html_wrap_indisplay12348:13.928pt::13.928pt::32.06529pt.
[326


]
l2hSize :tex2html_wrap_indisplay12349:8.68999pt::8.68999pt::56.5653pt.
[327


]
l2hSize :tex2html_wrap_indisplay12350:8.59999pt::8.59999pt::6.69603pt.
[328


]
l2hSize :tex2html_wrap_indisplay12351:10.85599pt::10.85599pt::30.7133pt.
[329


]
l2hSize :tex2html_wrap_indisplay12352:8.68999pt::8.68999pt::50.5653pt.
[330


]
l2hSize :tex2html_wrap_indisplay12354:10.80798pt::10.80798pt::119.58775pt.
[331


]
l2hSize :tex2html_wrap_indisplay12355:10.80798pt::10.80798pt::174.00778pt.
[332


]
l2hSize :tex2html_wrap_inline12361:8.59999pt::8.59999pt::6.69603pt.
[333


]
l2hSize :tex2html_wrap_indisplay12368:8.59999pt::8.59999pt::19.26004pt.
[334


]
l2hSize :tex2html_wrap_indisplay12369:16.65198pt::16.65198pt::71.60107pt.
[335


]
l2hSize :tex2html_wrap_indisplay12371:8.99199pt::8.99199pt::43.24529pt.
[336


]
l2hSize :tex2html_wrap_indisplay12377:10.85599pt::10.85599pt::94.5865pt.
[337


]
l2hSize :tex2html_wrap_indisplay12378:10.85599pt::10.85599pt::83.62123pt.
[338


]
l2hSize :tex2html_wrap_indisplay12381:10.80798pt::10.80798pt::219.00778pt.
[339


]
l2hSize :tex2html_wrap_indisplay12383:10.80798pt::10.80798pt::140.78654pt.
[340


]
l2hSize :tex2html_wrap_indisplay12385:10.80798pt::10.80798pt::77.78654pt.
[341


]
l2hSize :tex2html_wrap_indisplay12387:8.68999pt::8.68999pt::62.5653pt.
[342


]
l2hSize :tex2html_wrap_inline12412:8.59999pt::8.59999pt::31.86003pt.
[343


]
Overfull \hbox (10.0993pt too wide) in paragraph at lines 2362--2362
[]\OT1/txtt/m/n/12 1.0        50.0         50.0       36.4   1417298828422.0[] 

 []


Overfull \hbox (3.79932pt too wide) in paragraph at lines 2363--2363
[]\OT1/txtt/m/n/12 2.0         50.0        50.0      36.2   1417298828525.0[] 
 []


Overfull \hbox (22.69928pt too wide) in paragraph at lines 2365--2365
[] \OT1/txtt/m/n/12 999.0       40.0        50.0        42.9   1417298933585.0[
] 
 []


Overfull \hbox (28.99927pt too wide) in paragraph at lines 2366--2366
[] \OT1/txtt/m/n/12 1000.0     40.0         50.0         42.9   1417298933694.0
[] 
 []

l2hSize :table2961:78.90198pt::0.0pt::349.0pt.
[344


]
Overfull \hbox (60.4992pt too wide) in paragraph at lines 2380--2380
[]\OT1/txtt/m/n/12 0 0 100 28.40 14...1731 14...4105 14...4123 14...1763 0.1000
0E+01[] 
 []


Overfull \hbox (60.4992pt too wide) in paragraph at lines 2381--2381
[]\OT1/txtt/m/n/12 1 50 50 28.30 14...4706 14...7078 14...7096 14...4738 0.1000
0E+01[] 
 []


Overfull \hbox (73.09918pt too wide) in paragraph at lines 2384--2384
[]\OT1/txtt/m/n/12 983 40 50 36.70 14...6728 14...9131 14...9148 14...6759 0.98
300E+03[] 
 []


Overfull \hbox (73.09918pt too wide) in paragraph at lines 2385--2385
[]\OT1/txtt/m/n/12 984 40 50 36.50 14...7712 14...0115 14...0133 14...7743 0.98
400E+03[] 
 []

l2hSize :table2983:93.40198pt::0.0pt::349.0pt.
[345


]
l2hSize :tex2html_wrap_indisplay12438:18.33197pt::18.33197pt::134.53706pt.
[346


]
l2hSize :tex2html_wrap_inline12440:8.59999pt::8.59999pt::57.59995pt.
[347


]
l2hSize :tex2html_wrap_inline12442:8.59999pt::8.59999pt::6.92404pt.
[348


]
l2hSize :tex2html_wrap_indisplay12453:21.60698pt::21.60698pt::196.92772pt.
[349


]
l2hSize :tex2html_wrap_inline12455:8.59999pt::8.59999pt::19.45204pt.
[350


]
l2hSize :tex2html_wrap_inline12457:11.22798pt::11.22798pt::19.45204pt.
[351


]
l2hSize :tex2html_wrap_indisplay12460:8.59999pt::8.59999pt::294.50453pt.
[352


]
l2hSize :tex2html_wrap_inline12469:8.59999pt::8.59999pt::12.60004pt.
[353


]
l2hSize :tex2html_wrap_inline12471:8.59999pt::8.59999pt::12.60004pt.
[354


]
l2hSize :tex2html_wrap_indisplay12478:16.65198pt::16.65198pt::107.09982pt.
[355


]
l2hSize :tex2html_wrap_inline12483:8.59999pt::8.59999pt::12.60004pt.
[356


]
l2hSize :tex2html_wrap_inline12487:8.59999pt::8.59999pt::12.60004pt.
[357


]
l2hSize :tex2html_wrap_indisplay12498:18.33197pt::18.33197pt::167.32106pt.
[358


]
l2hSize :tex2html_wrap_indisplay12509:8.59999pt::8.59999pt::14.01604pt.
[359


]
l2hSize :tex2html_wrap_indisplay12510:10.80798pt::10.80798pt::174.00778pt.
[360


]
l2hSize :tex2html_wrap_indisplay12511:8.59999pt::8.59999pt::13.82402pt.
[361


]
l2hSize :tex2html_wrap_indisplay12512:10.80798pt::10.80798pt::219.00778pt.
[362


]
l2hSize :tex2html_wrap_indisplay12513:8.59999pt::8.59999pt::13.26004pt.
[363


]
l2hSize :tex2html_wrap_indisplay12514:10.80798pt::10.80798pt::384.58624pt.

Overfull \hbox (39.02626pt too wide) in paragraph at lines 2508--2509
[]|[] 
 []

[364


]
l2hSize :tex2html_wrap_indisplay12515:10.91599pt::10.91599pt::155.70526pt.
[365


]
l2hSize :tex2html_wrap_indisplay12517:8.59999pt::8.59999pt::62.5653pt.
[366


]
l2hSize :tex2html_wrap_inline12532:8.59999pt::8.59999pt::27.02403pt.
[367


]
l2hSize :tex2html_wrap_indisplay12535:8.59999pt::8.59999pt::108.08385pt.
[368


]
l2hSize :tex2html_wrap_inline12537:8.59999pt::8.59999pt::6.19203pt.
[369


]
l2hSize :tex2html_wrap_inline12539:10.20798pt::10.20798pt::48.29858pt.
[370


]
l2hSize :tex2html_wrap_inline12541:8.59999pt::8.59999pt::37.32658pt.
[371


]
l2hSize :tex2html_wrap_inline12543:8.59999pt::8.59999pt::15.74803pt.
[372


]
l2hSize :tex2html_wrap_indisplay12552:8.59999pt::8.59999pt::9.26404pt.
[373


]
l2hSize :tex2html_wrap_indisplay12553:16.81398pt::16.81398pt::99.65051pt.
[374


]
l2hSize :tex2html_wrap_indisplay12554:16.46599pt::16.46599pt::10.63202pt.
[375


]
l2hSize :tex2html_wrap_indisplay12555:18.33197pt::18.33197pt::82.79053pt.
[376


]
l2hSize :tex2html_wrap_indisplay12557:17.08397pt::17.08397pt::79.17325pt.
[377


]
l2hSize :tex2html_wrap_indisplay12558:8.99199pt::8.99199pt::12.73203pt.
[378


]
l2hSize :tex2html_wrap_indisplay12559:8.68999pt::8.68999pt::50.5653pt.
[379


]
l2hSize :tex2html_wrap_indisplay12560:9.55998pt::9.55998pt::13.82002pt.
[380


]
l2hSize :tex2html_wrap_indisplay12562:9.54399pt::9.54399pt::23.59602pt.
[381


]
l2hSize :tex2html_wrap_indisplay12565:10.80798pt::10.80798pt::80.39053pt.
[382


]
l2hSize :tex2html_wrap_indisplay12566:8.59999pt::8.59999pt::15.74803pt.
[383


]
l2hSize :tex2html_wrap_indisplay12567:16.46599pt::16.46599pt::76.06926pt.
[384


]
l2hSize :tex2html_wrap_indisplay12569:18.33197pt::18.33197pt::128.13174pt.
[385


]
l2hSize :tex2html_wrap_indisplay12570:8.59999pt::8.59999pt::13.31604pt.
[386


]
l2hSize :tex2html_wrap_indisplay12571:16.99397pt::16.99397pt::56.74254pt.
[387


]
l2hSize :tex2html_wrap_indisplay12572:13.928pt::13.928pt::9.00003pt.
[388


]
l2hSize :tex2html_wrap_indisplay12573:21.93195pt::21.93195pt::169.49046pt.
[389


]
l2hSize :tex2html_wrap_indisplay12575:18.33197pt::18.33197pt::124.19052pt.
[390


]
l2hSize :tex2html_wrap_indisplay12577:18.33197pt::18.33197pt::88.79053pt.
[391


]
l2hSize :tex2html_wrap_indisplay12578:8.59999pt::8.59999pt::6.60004pt.
[392


]
l2hSize :tex2html_wrap_indisplay12579:16.65198pt::16.65198pt::52.9653pt.
[393


]
l2hSize :tex2html_wrap_indisplay12581:8.59999pt::8.59999pt::181.0503pt.
[394


]
l2hSize :tex2html_wrap_inline12609:8.59999pt::8.59999pt::12.95604pt.
[395


]
l2hSize :tex2html_wrap_indisplay12616:17.22597pt::17.22597pt::296.23396pt.
[396


]
l2hSize :tex2html_wrap_inline12626:8.59999pt::8.59999pt::13.99603pt.
[397


]
l2hSize :tex2html_wrap_inline12628:8.59999pt::8.59999pt::10.30002pt.
[398


]
l2hSize :tex2html_wrap_inline12630:8.59999pt::8.59999pt::11.38002pt.
[399


]
l2hSize :tex2html_wrap_indisplay12674:16.65198pt::16.65198pt::105.67981pt.
[400


]
l2hSize :tex2html_wrap_inline12676:8.59999pt::8.59999pt::13.31604pt.
[401


]
l2hSize :tex2html_wrap_indisplay12677:16.65198pt::16.65198pt::108.0798pt.
[402


]
l2hSize :tex2html_wrap_indisplay12678:16.65198pt::16.65198pt::83.0118pt.
[403


]
l2hSize :tex2html_wrap_indisplay12679:17.22597pt::17.22597pt::88.3558pt.
[404


]
l2hSize :tex2html_wrap_indisplay12680:16.65198pt::16.65198pt::89.55182pt.
[405


]
l2hSize :tex2html_wrap_indisplay12681:16.65198pt::16.65198pt::79.10254pt.
[406


]
l2hSize :tex2html_wrap_indisplay12682:8.59999pt::8.59999pt::34.09856pt.
[407


]
l2hSize :tex2html_wrap_inline12725:8.09999pt::0.0pt::8.23203pt.
[408


]
l2hSize :tex2html_wrap_inline12793:8.59999pt::8.59999pt::12.57202pt.
[409


]
l2hSize :tex2html_wrap_inline12816:8.59999pt::8.59999pt::8.23203pt.
[410


]
l2hSize :tex2html_wrap_indisplay12850:18.15pt::18.15pt::139.42764pt.
[411


]
l2hSize :tex2html_wrap_indisplay12851:18.10399pt::18.10399pt::109.46771pt.
[412


]
l2hSize :tex2html_wrap_indisplay12852:18.10399pt::18.10399pt::134.46098pt.
[413


]
l2hSize :tex2html_wrap_indisplay12853:18.10399pt::18.10399pt::191.30348pt.
[414


]
l2hSize :tex2html_wrap_indisplay12854:18.10399pt::18.10399pt::222.92076pt.
[415


]
l2hSize :tex2html_wrap_indisplay12855:8.59999pt::8.59999pt::176.91956pt.
[416


]
l2hSize :tex2html_wrap_indisplay12864:18.15pt::18.15pt::188.39287pt.
[417


]
l2hSize :tex2html_wrap_indisplay12865:18.10399pt::18.10399pt::138.10493pt.
[418


]
l2hSize :tex2html_wrap_indisplay12866:18.10399pt::18.10399pt::187.03545pt.
[419


]
l2hSize :tex2html_wrap_indisplay12867:18.10399pt::18.10399pt::264.80595pt.
[420


]
l2hSize :tex2html_wrap_indisplay12868:18.10399pt::18.10399pt::387.15492pt.

Overfull \hbox (41.59494pt too wide) in paragraph at lines 2874--2875
[]|[] 
 []

[421


]
l2hSize :tex2html_wrap_indisplay12869:8.59999pt::8.59999pt::237.93803pt.
[422


]
l2hSize :tex2html_wrap_indisplay12871:18.10399pt::18.10399pt::90.77974pt.
[423


]
l2hSize :tex2html_wrap_inline12884:10.20798pt::10.20798pt::17.10004pt.
[424


]

! Package amsmath Error: Invalid use of \intertext.

See the amsmath package documentation for explanation.
Type  H <return>  for immediate help.
 ...                                              
                                                  
l.2913    \intertext
                    {where}$%
Your command was ignored.
Type  I <command> <return>  to replace it with another command,
or  <return>  to continue without it.

l2hSize :tex2html_wrap_indisplay13205:16.65198pt::16.65198pt::247.8677pt.
[425


]
l2hSize :tex2html_wrap_indisplay13207:25.33397pt::25.33397pt::63.44653pt.
[426


]
l2hSize :tex2html_wrap_indisplay13209:25.33397pt::25.33397pt::61.37854pt.
[427


]
l2hSize :tex2html_wrap_indisplay13210:8.59999pt::8.59999pt::149.26628pt.
[428


]
l2hSize :tex2html_wrap_indisplay13211:8.59999pt::8.59999pt::93.32382pt.
[429


]
l2hSize :tex2html_wrap_inline13213:8.59999pt::8.59999pt::7.20003pt.
[430


]
l2hSize :tex2html_wrap_inline13215:8.09999pt::0.0pt::7.27203pt.
[431


]
l2hSize :tex2html_wrap_inline13227:8.09999pt::0.0pt::5.07603pt.
[432


]
l2hSize :tex2html_wrap_indisplay13369:16.65198pt::16.65198pt::85.7238pt.
[433


]
l2hSize :tex2html_wrap_indisplay13371:90.58388pt::90.58388pt::186.24255pt.
[434


]
l2hSize :tex2html_wrap_indisplay13373:90.58388pt::90.58388pt::47.24255pt.
[435


]
l2hSize :tex2html_wrap_indisplay13375:15.21799pt::15.21799pt::186.63857pt.
[436


] (./images.aux)

LaTeX Warning: There were multiply-defined labels.

 ) 
Here is how much of TeX's memory you used:
 14436 strings out of 493305
 276152 string characters out of 6139897
 361794 words of memory out of 5000000
 17601 multiletter control sequences out of 15000+600000
 14459 words of font info for 49 fonts, out of 8000000 for 9000
 957 hyphenation exceptions out of 8191
 56i,9n,56p,398b,323s stack positions out of 5000i,500n,10000p,200000b,80000s

Output written on images.dvi (436 pages, 125032 bytes).
